30.09.2024 - 21:29:14 - [TAB v4.1.5] Blocked attempt to add player Caothanh2008 into team HideTags (expected team: 5Caothanh2008A)
30.09.2024 - 21:29:14 - [TAB v4.1.5] Blocked attempt to add player MinerwolfybtVn into team HideTags (expected team: 7MinerwolfybtVnA)
30.09.2024 - 21:33:55 - [TAB v4.1.5] Blocked attempt to add player Caothanh2008 into team HideTags (expected team: 6Caothanh2008A)
30.09.2024 - 21:33:55 - [TAB v4.1.5] Blocked attempt to add player MinerwolfybtVn into team HideTags (expected team: 7MinerwolfybtVnA)
30.09.2024 - 21:36:29 - [TAB v4.1.5] Blocked attempt to add player Caothanh2008 into team HideTags (expected team: 6Caothanh2008A)
30.09.2024 - 21:36:29 - [TAB v4.1.5] Blocked attempt to add player MinerwolfybtVn into team HideTags (expected team: 7MinerwolfybtVnA)
30.09.2024 - 21:37:16 - [TAB v4.1.5] Blocked attempt to add player xoaii into team HideTags (expected team: 6xoaiiA)
30.09.2024 - 21:37:16 - [TAB v4.1.5] Blocked attempt to add player MinerwolfybtVn into team HideTags (expected team: 7MinerwolfybtVnA)
30.09.2024 - 21:37:16 - [TAB v4.1.5] Blocked attempt to add player xoaii into team HideTags (expected team: 6xoaiiA)
30.09.2024 - 21:37:57 - [TAB v4.1.5] Blocked attempt to add player Caothanh2008 into team HideTags (expected team: 6Caothanh2008A)
30.09.2024 - 21:37:57 - [TAB v4.1.5] Blocked attempt to add player MinerwolfybtVn into team HideTags (expected team: 7MinerwolfybtVnA)
30.09.2024 - 21:37:57 - [TAB v4.1.5] Blocked attempt to add player xoaii into team HideTags (expected team: 6xoaiiA)
30.09.2024 - 21:39:49 - [TAB v4.1.5] Blocked attempt to add player Caothanh2008 into team HideTags (expected team: 6Caothanh2008A)
30.09.2024 - 21:39:49 - [TAB v4.1.5] Blocked attempt to add player MinerwolfybtVn into team HideTags (expected team: 7MinerwolfybtVnA)
30.09.2024 - 21:39:49 - [TAB v4.1.5] Blocked attempt to add player xoaii into team HideTags (expected team: 6xoaiiA)
30.09.2024 - 21:45:31 - [TAB v4.1.5] Blocked attempt to add player kemhehe into team HideTags (expected team: 6kemheheA)
30.09.2024 - 21:45:31 - [TAB v4.1.5] Blocked attempt to add player Caothanh2008 into team HideTags (expected team: 6Caothanh2008A)
30.09.2024 - 21:45:31 - [TAB v4.1.5] Blocked attempt to add player MinerwolfybtVn into team HideTags (expected team: 7MinerwolfybtVnA)
30.09.2024 - 21:45:31 - [TAB v4.1.5] Blocked attempt to add player xoaii into team HideTags (expected team: 6xoaiiA)
30.09.2024 - 21:45:31 - [TAB v4.1.5] Blocked attempt to add player kemhehe into team HideTags (expected team: 6kemheheA)
30.09.2024 - 21:47:45 - [TAB v4.1.5] Blocked attempt to add player Caothanh2008 into team HideTags (expected team: 6Caothanh2008A)
30.09.2024 - 21:47:45 - [TAB v4.1.5] Blocked attempt to add player MinerwolfybtVn into team HideTags (expected team: 7MinerwolfybtVnA)
30.09.2024 - 21:47:45 - [TAB v4.1.5] Blocked attempt to add player xoaii into team HideTags (expected team: 6xoaiiA)
30.09.2024 - 21:47:45 - [TAB v4.1.5] Blocked attempt to add player kemhehe into team HideTags (expected team: 6kemheheA)
30.09.2024 - 21:50:10 - [TAB v4.1.5] Blocked attempt to add player Manhtato into team HideTags (expected team: 6ManhtatoA)
30.09.2024 - 21:50:10 - [TAB v4.1.5] Blocked attempt to add player Caothanh2008 into team HideTags (expected team: 6Caothanh2008A)
30.09.2024 - 21:50:10 - [TAB v4.1.5] Blocked attempt to add player MinerwolfybtVn into team HideTags (expected team: 7MinerwolfybtVnA)
30.09.2024 - 21:50:10 - [TAB v4.1.5] Blocked attempt to add player xoaii into team HideTags (expected team: 6xoaiiA)
30.09.2024 - 21:50:10 - [TAB v4.1.5] Blocked attempt to add player kemhehe into team HideTags (expected team: 6kemheheA)
30.09.2024 - 21:50:10 - [TAB v4.1.5] Blocked attempt to add player Manhtato into team HideTags (expected team: 6ManhtatoA)
30.09.2024 - 21:53:09 - [TAB v4.1.5] Blocked attempt to add player krostedjulie into team HideTags (expected team: 6krostedjulieA)
30.09.2024 - 21:53:09 - [TAB v4.1.5] Blocked attempt to add player Caothanh2008 into team HideTags (expected team: 6Caothanh2008A)
30.09.2024 - 21:53:09 - [TAB v4.1.5] Blocked attempt to add player MinerwolfybtVn into team HideTags (expected team: 7MinerwolfybtVnA)
30.09.2024 - 21:53:09 - [TAB v4.1.5] Blocked attempt to add player xoaii into team HideTags (expected team: 6xoaiiA)
30.09.2024 - 21:53:09 - [TAB v4.1.5] Blocked attempt to add player kemhehe into team HideTags (expected team: 6kemheheA)
30.09.2024 - 21:53:09 - [TAB v4.1.5] Blocked attempt to add player krostedjulie into team HideTags (expected team: 6krostedjulieA)
30.09.2024 - 21:54:08 - [TAB v4.1.5] Blocked attempt to add player Manhtato into team HideTags (expected team: 6ManhtatoA)
30.09.2024 - 21:54:08 - [TAB v4.1.5] Blocked attempt to add player Caothanh2008 into team HideTags (expected team: 6Caothanh2008A)
30.09.2024 - 21:54:08 - [TAB v4.1.5] Blocked attempt to add player MinerwolfybtVn into team HideTags (expected team: 7MinerwolfybtVnA)
30.09.2024 - 21:54:08 - [TAB v4.1.5] Blocked attempt to add player xoaii into team HideTags (expected team: 6xoaiiA)
30.09.2024 - 21:54:08 - [TAB v4.1.5] Blocked attempt to add player kemhehe into team HideTags (expected team: 6kemheheA)
30.09.2024 - 21:54:08 - [TAB v4.1.5] Blocked attempt to add player krostedjulie into team HideTags (expected team: 6krostedjulieA)
30.09.2024 - 21:54:08 - [TAB v4.1.5] Blocked attempt to add player Manhtato into team HideTags (expected team: 6ManhtatoA)
30.09.2024 - 21:54:38 - [TAB v4.1.5] Blocked attempt to add player kakao12342001 into team HideTags (expected team: 6kakao12342001A)
30.09.2024 - 21:54:38 - [TAB v4.1.5] Blocked attempt to add player Caothanh2008 into team HideTags (expected team: 6Caothanh2008A)
30.09.2024 - 21:54:38 - [TAB v4.1.5] Blocked attempt to add player MinerwolfybtVn into team HideTags (expected team: 7MinerwolfybtVnA)
30.09.2024 - 21:54:38 - [TAB v4.1.5] Blocked attempt to add player kakao12342001 into team HideTags (expected team: 6kakao12342001A)
30.09.2024 - 21:54:38 - [TAB v4.1.5] Blocked attempt to add player xoaii into team HideTags (expected team: 6xoaiiA)
30.09.2024 - 21:54:38 - [TAB v4.1.5] Blocked attempt to add player kemhehe into team HideTags (expected team: 6kemheheA)
30.09.2024 - 21:54:38 - [TAB v4.1.5] Blocked attempt to add player krostedjulie into team HideTags (expected team: 6krostedjulieA)
30.09.2024 - 21:55:09 - [TAB v4.1.5] Blocked attempt to add player Caothanh2008 into team HideTags (expected team: 6Caothanh2008A)
30.09.2024 - 21:55:09 - [TAB v4.1.5] Blocked attempt to add player MinerwolfybtVn into team HideTags (expected team: 7MinerwolfybtVnA)
30.09.2024 - 21:55:09 - [TAB v4.1.5] Blocked attempt to add player kakao12342001 into team HideTags (expected team: 6kakao12342001A)
30.09.2024 - 21:55:09 - [TAB v4.1.5] Blocked attempt to add player xoaii into team HideTags (expected team: 6xoaiiA)
30.09.2024 - 21:55:09 - [TAB v4.1.5] Blocked attempt to add player kemhehe into team HideTags (expected team: 6kemheheA)
30.09.2024 - 21:55:09 - [TAB v4.1.5] Blocked attempt to add player krostedjulie into team HideTags (expected team: 7krostedjulieA)
30.09.2024 - 21:55:09 - [TAB v4.1.5] Blocked attempt to add player Manhtato into team HideTags (expected team: 6ManhtatoA)
30.09.2024 - 21:56:34 - [TAB v4.1.5] Blocked attempt to add player Caothanh2008 into team HideTags (expected team: 6Caothanh2008A)
30.09.2024 - 21:56:34 - [TAB v4.1.5] Blocked attempt to add player MinerwolfybtVn into team HideTags (expected team: 7MinerwolfybtVnA)
30.09.2024 - 21:56:34 - [TAB v4.1.5] Blocked attempt to add player kakao12342001 into team HideTags (expected team: 6kakao12342001A)
30.09.2024 - 21:56:34 - [TAB v4.1.5] Blocked attempt to add player xoaii into team HideTags (expected team: 6xoaiiA)
30.09.2024 - 21:56:34 - [TAB v4.1.5] Blocked attempt to add player kemhehe into team HideTags (expected team: 6kemheheA)
30.09.2024 - 21:56:34 - [TAB v4.1.5] Blocked attempt to add player krostedjulie into team HideTags (expected team: 7krostedjulieA)
30.09.2024 - 21:56:34 - [TAB v4.1.5] Blocked attempt to add player Manhtato into team HideTags (expected team: 6ManhtatoA)
30.09.2024 - 21:57:58 - [TAB v4.1.5] Blocked attempt to add player Caothanh2008 into team HideTags (expected team: 6Caothanh2008A)
30.09.2024 - 21:57:58 - [TAB v4.1.5] Blocked attempt to add player MinerwolfybtVn into team HideTags (expected team: 7MinerwolfybtVnA)
30.09.2024 - 21:57:58 - [TAB v4.1.5] Blocked attempt to add player xoaii into team HideTags (expected team: 6xoaiiA)
30.09.2024 - 21:57:58 - [TAB v4.1.5] Blocked attempt to add player kemhehe into team HideTags (expected team: 6kemheheA)
30.09.2024 - 21:57:58 - [TAB v4.1.5] Blocked attempt to add player krostedjulie into team HideTags (expected team: 7krostedjulieA)
30.09.2024 - 21:57:58 - [TAB v4.1.5] Blocked attempt to add player Manhtato into team HideTags (expected team: 6ManhtatoA)
30.09.2024 - 21:58:10 - [TAB v4.1.5] Blocked attempt to add player kakao12342001 into team HideTags (expected team: 6kakao12342001A)
30.09.2024 - 21:58:10 - [TAB v4.1.5] Blocked attempt to add player Caothanh2008 into team HideTags (expected team: 6Caothanh2008A)
30.09.2024 - 21:58:10 - [TAB v4.1.5] Blocked attempt to add player MinerwolfybtVn into team HideTags (expected team: 7MinerwolfybtVnA)
30.09.2024 - 21:58:10 - [TAB v4.1.5] Blocked attempt to add player kakao12342001 into team HideTags (expected team: 6kakao12342001A)
30.09.2024 - 21:58:10 - [TAB v4.1.5] Blocked attempt to add player xoaii into team HideTags (expected team: 6xoaiiA)
30.09.2024 - 21:58:10 - [TAB v4.1.5] Blocked attempt to add player kemhehe into team HideTags (expected team: 6kemheheA)
30.09.2024 - 21:58:10 - [TAB v4.1.5] Blocked attempt to add player krostedjulie into team HideTags (expected team: 7krostedjulieA)
30.09.2024 - 21:58:10 - [TAB v4.1.5] Blocked attempt to add player Manhtato into team HideTags (expected team: 6ManhtatoA)
30.09.2024 - 22:01:20 - [TAB v4.1.5] Blocked attempt to add player kakao12342001 into team HideTags (expected team: 6kakao12342001A)
30.09.2024 - 22:01:20 - [TAB v4.1.5] Blocked attempt to add player Caothanh2008 into team HideTags (expected team: 6Caothanh2008A)
30.09.2024 - 22:01:20 - [TAB v4.1.5] Blocked attempt to add player MinerwolfybtVn into team HideTags (expected team: 7MinerwolfybtVnA)
30.09.2024 - 22:01:20 - [TAB v4.1.5] Blocked attempt to add player kakao12342001 into team HideTags (expected team: 6kakao12342001A)
30.09.2024 - 22:01:20 - [TAB v4.1.5] Blocked attempt to add player xoaii into team HideTags (expected team: 6xoaiiA)
30.09.2024 - 22:01:20 - [TAB v4.1.5] Blocked attempt to add player kemhehe into team HideTags (expected team: 6kemheheA)
30.09.2024 - 22:01:20 - [TAB v4.1.5] Blocked attempt to add player krostedjulie into team HideTags (expected team: 7krostedjulieA)
30.09.2024 - 22:01:20 - [TAB v4.1.5] Blocked attempt to add player Manhtato into team HideTags (expected team: 6ManhtatoA)
30.09.2024 - 22:59:23 - [TAB v4.1.5] Blocked attempt to add player Caothanh2008 into team HideTags (expected team: 6Caothanh2008A)
30.09.2024 - 22:59:23 - [TAB v4.1.5] Blocked attempt to add player kakao12342001 into team HideTags (expected team: 6kakao12342001A)
30.09.2024 - 22:59:23 - [TAB v4.1.5] Blocked attempt to add player xoaii into team HideTags (expected team: 7xoaiiA)
30.09.2024 - 22:59:23 - [TAB v4.1.5] Blocked attempt to add player Mushokujup into team HideTags (expected team: 7MushokujupA)
30.09.2024 - 22:59:23 - [TAB v4.1.5] Blocked attempt to add player krostedjulie into team HideTags (expected team: 7krostedjulieA)
30.09.2024 - 22:59:23 - [TAB v4.1.5] Blocked attempt to add player Manhtato into team HideTags (expected team: 7ManhtatoA)
30.09.2024 - 23:09:44 - [TAB v4.1.5] Blocked attempt to add player Caothanh2008 into team HideTags (expected team: 6Caothanh2008A)
30.09.2024 - 23:09:44 - [TAB v4.1.5] Blocked attempt to add player xoaii into team HideTags (expected team: 7xoaiiA)
30.09.2024 - 23:09:44 - [TAB v4.1.5] Blocked attempt to add player Mushokujup into team HideTags (expected team: 7MushokujupA)
30.09.2024 - 23:09:44 - [TAB v4.1.5] Blocked attempt to add player krostedjulie into team HideTags (expected team: 7krostedjulieA)
30.09.2024 - 23:09:44 - [TAB v4.1.5] Blocked attempt to add player Manhtato into team HideTags (expected team: 7ManhtatoA)
30.09.2024 - 23:09:44 - [TAB v4.1.5] Blocked attempt to add player Pe_MinerWolf1990 into team HideTags (expected team: 6Pe_MinerWolf19A)
30.09.2024 - 23:10:38 - [TAB v4.1.5] Blocked attempt to add player Caothanh2008 into team HideTags (expected team: 6Caothanh2008A)
30.09.2024 - 23:10:38 - [TAB v4.1.5] Blocked attempt to add player xoaii into team HideTags (expected team: 7xoaiiA)
30.09.2024 - 23:10:38 - [TAB v4.1.5] Blocked attempt to add player Mushokujup into team HideTags (expected team: 7MushokujupA)
30.09.2024 - 23:10:38 - [TAB v4.1.5] Blocked attempt to add player krostedjulie into team HideTags (expected team: 7krostedjulieA)
30.09.2024 - 23:10:38 - [TAB v4.1.5] Blocked attempt to add player Manhtato into team HideTags (expected team: 7ManhtatoA)
30.09.2024 - 23:10:38 - [TAB v4.1.5] Blocked attempt to add player Pe_MinerWolf1990 into team HideTags (expected team: 6Pe_MinerWolf19A)
30.09.2024 - 23:50:24 - [TAB v4.1.5] Blocked attempt to add player Caothanh2008 into team HideTags (expected team: 6Caothanh2008A)
30.09.2024 - 23:50:24 - [TAB v4.1.5] Blocked attempt to add player xoaii into team HideTags (expected team: 7xoaiiA)
30.09.2024 - 23:50:24 - [TAB v4.1.5] Blocked attempt to add player krostedjulie into team HideTags (expected team: 7krostedjulieA)
30.09.2024 - 23:50:24 - [TAB v4.1.5] Blocked attempt to add player Manhtato into team HideTags (expected team: 7ManhtatoA)
01.10.2024 - 01:34:10 - [TAB v4.1.5] Blocked attempt to add player xoaii into team HideTags (expected team: 7xoaiiA)
01.10.2024 - 01:34:10 - [TAB v4.1.5] Blocked attempt to add player Caothanh2008 into team HideTags (expected team: 6Caothanh2008A)
01.10.2024 - 01:34:10 - [TAB v4.1.5] Blocked attempt to add player xoaii into team HideTags (expected team: 7xoaiiA)
01.10.2024 - 07:12:56 - [TAB v4.1.5] Blocked attempt to add player Mushokujup into team HideTags (expected team: 7MushokujupA)
01.10.2024 - 10:51:53 - [TAB v4.1.5] Blocked attempt to add player Caothanh2008 into team HideTags (expected team: 6Caothanh2008A)
01.10.2024 - 10:59:01 - [TAB v4.1.5] Blocked attempt to add player Manhtato into team HideTags (expected team: 7ManhtatoA)
01.10.2024 - 11:06:55 - [TAB v4.1.5] Blocked attempt to add player Caothanh2008 into team HideTags (expected team: 6Caothanh2008A)
01.10.2024 - 11:06:55 - [TAB v4.1.5] Blocked attempt to add player Manhtato into team HideTags (expected team: 7ManhtatoA)
01.10.2024 - 11:07:36 - [TAB v4.1.5] Blocked attempt to add player MinerwolfybtVn into team HideTags (expected team: 7MinerwolfybtVnA)
01.10.2024 - 11:07:36 - [TAB v4.1.5] Blocked attempt to add player Caothanh2008 into team HideTags (expected team: 6Caothanh2008A)
01.10.2024 - 11:07:36 - [TAB v4.1.5] Blocked attempt to add player MinerwolfybtVn into team HideTags (expected team: 7MinerwolfybtVnA)
01.10.2024 - 11:07:36 - [TAB v4.1.5] Blocked attempt to add player Manhtato into team HideTags (expected team: 7ManhtatoA)
01.10.2024 - 11:13:06 - [TAB v4.1.5] Blocked attempt to add player Caothanh2008 into team HideTags (expected team: 6Caothanh2008A)
01.10.2024 - 13:12:28 - [TAB v4.1.5] Blocked attempt to add player kemhehe into team HideTags (expected team: 7kemheheA)
01.10.2024 - 13:12:28 - [TAB v4.1.5] Blocked attempt to add player MinerwolfybtVn into team HideTags (expected team: 7MinerwolfybtVnA)
01.10.2024 - 13:12:28 - [TAB v4.1.5] Blocked attempt to add player kemhehe into team HideTags (expected team: 7kemheheA)
01.10.2024 - 13:13:38 - [TAB v4.1.5] Blocked attempt to add player MinerwolfybtVn into team HideTags (expected team: 7MinerwolfybtVnA)
01.10.2024 - 13:13:38 - [TAB v4.1.5] Blocked attempt to add player kemhehe into team HideTags (expected team: 7kemheheA)
01.10.2024 - 13:24:55 - [TAB v4.1.5] Blocked attempt to add player MinerwolfybtVn into team HideTags (expected team: 7MinerwolfybtVnA)
01.10.2024 - 13:24:55 - [TAB v4.1.5] Blocked attempt to add player Manhtato into team HideTags (expected team: 7ManhtatoA)
01.10.2024 - 13:25:46 - [TAB v4.1.5] Blocked attempt to add player kemhehe into team HideTags (expected team: 7kemheheA)
01.10.2024 - 13:25:46 - [TAB v4.1.5] Blocked attempt to add player MinerwolfybtVn into team HideTags (expected team: 7MinerwolfybtVnA)
01.10.2024 - 13:25:46 - [TAB v4.1.5] Blocked attempt to add player kemhehe into team HideTags (expected team: 7kemheheA)
01.10.2024 - 13:25:46 - [TAB v4.1.5] Blocked attempt to add player Manhtato into team HideTags (expected team: 7ManhtatoA)
01.10.2024 - 13:30:22 - [TAB v4.1.5] Blocked attempt to add player MinerwolfybtVn into team HideTags (expected team: 7MinerwolfybtVnA)
01.10.2024 - 13:30:22 - [TAB v4.1.5] Blocked attempt to add player kemhehe into team HideTags (expected team: 7kemheheA)
01.10.2024 - 13:30:22 - [TAB v4.1.5] Blocked attempt to add player Manhtato into team HideTags (expected team: 7ManhtatoA)
01.10.2024 - 13:31:50 - [TAB v4.1.5] Blocked attempt to add player kemhehe into team HideTags (expected team: 7kemheheA)
01.10.2024 - 13:31:50 - [TAB v4.1.5] Blocked attempt to add player MinerwolfybtVn into team HideTags (expected team: 7MinerwolfybtVnA)
01.10.2024 - 13:31:50 - [TAB v4.1.5] Blocked attempt to add player kemhehe into team HideTags (expected team: 7kemheheA)
01.10.2024 - 13:31:50 - [TAB v4.1.5] Blocked attempt to add player Manhtato into team HideTags (expected team: 7ManhtatoA)
01.10.2024 - 13:34:05 - [TAB v4.1.5] Blocked attempt to add player kemhehe into team HideTags (expected team: 7kemheheA)
01.10.2024 - 13:34:05 - [TAB v4.1.5] Blocked attempt to add player MinerwolfybtVn into team HideTags (expected team: 7MinerwolfybtVnA)
01.10.2024 - 13:34:05 - [TAB v4.1.5] Blocked attempt to add player kemhehe into team HideTags (expected team: 7kemheheA)
01.10.2024 - 13:34:05 - [TAB v4.1.5] Blocked attempt to add player Manhtato into team HideTags (expected team: 7ManhtatoA)
01.10.2024 - 13:35:07 - [TAB v4.1.5] Blocked attempt to add player MinerwolfybtVn into team HideTags (expected team: 7MinerwolfybtVnA)
01.10.2024 - 13:35:07 - [TAB v4.1.5] Blocked attempt to add player kemhehe into team HideTags (expected team: 7kemheheA)
01.10.2024 - 13:35:14 - [TAB v4.1.5] Blocked attempt to add player Manhtato into team HideTags (expected team: 7ManhtatoA)
01.10.2024 - 13:35:14 - [TAB v4.1.5] Blocked attempt to add player MinerwolfybtVn into team HideTags (expected team: 7MinerwolfybtVnA)
01.10.2024 - 13:35:14 - [TAB v4.1.5] Blocked attempt to add player kemhehe into team HideTags (expected team: 7kemheheA)
01.10.2024 - 13:35:14 - [TAB v4.1.5] Blocked attempt to add player Manhtato into team HideTags (expected team: 7ManhtatoA)
01.10.2024 - 13:37:14 - [TAB v4.1.5] Blocked attempt to add player MinerwolfybtVn into team HideTags (expected team: 7MinerwolfybtVnA)
01.10.2024 - 13:37:14 - [TAB v4.1.5] Blocked attempt to add player kemhehe into team HideTags (expected team: 7kemheheA)
01.10.2024 - 13:37:14 - [TAB v4.1.5] Blocked attempt to add player Manhtato into team HideTags (expected team: 7ManhtatoA)
01.10.2024 - 13:42:28 - [TAB v4.1.5] Blocked attempt to add player Mushokujup into team HideTags (expected team: 7MushokujupA)
01.10.2024 - 13:42:28 - [TAB v4.1.5] Blocked attempt to add player MinerwolfybtVn into team HideTags (expected team: 7MinerwolfybtVnA)
01.10.2024 - 13:42:28 - [TAB v4.1.5] Blocked attempt to add player kemhehe into team HideTags (expected team: 7kemheheA)
01.10.2024 - 13:42:28 - [TAB v4.1.5] Blocked attempt to add player Mushokujup into team HideTags (expected team: 7MushokujupA)
01.10.2024 - 13:42:28 - [TAB v4.1.5] Blocked attempt to add player Manhtato into team HideTags (expected team: 7ManhtatoA)
01.10.2024 - 13:57:30 - [TAB v4.1.5] Blocked attempt to add player khoi1309 into team HideTags (expected team: 6khoi1309A)
01.10.2024 - 13:57:30 - [TAB v4.1.5] Blocked attempt to add player MinerwolfybtVn into team HideTags (expected team: 7MinerwolfybtVnA)
01.10.2024 - 13:57:30 - [TAB v4.1.5] Blocked attempt to add player kemhehe into team HideTags (expected team: 7kemheheA)
01.10.2024 - 13:57:30 - [TAB v4.1.5] Blocked attempt to add player Mushokujup into team HideTags (expected team: 7MushokujupA)
01.10.2024 - 13:57:30 - [TAB v4.1.5] Blocked attempt to add player khoi1309 into team HideTags (expected team: 6khoi1309A)
01.10.2024 - 13:57:30 - [TAB v4.1.5] Blocked attempt to add player Manhtato into team HideTags (expected team: 7ManhtatoA)
01.10.2024 - 13:59:07 - [TAB v4.1.5] Blocked attempt to add player MinerwolfybtVn into team HideTags (expected team: 7MinerwolfybtVnA)
01.10.2024 - 13:59:07 - [TAB v4.1.5] Blocked attempt to add player kemhehe into team HideTags (expected team: 7kemheheA)
01.10.2024 - 13:59:07 - [TAB v4.1.5] Blocked attempt to add player Mushokujup into team HideTags (expected team: 7MushokujupA)
01.10.2024 - 13:59:07 - [TAB v4.1.5] Blocked attempt to add player khoi1309 into team HideTags (expected team: 6khoi1309A)
01.10.2024 - 13:59:07 - [TAB v4.1.5] Blocked attempt to add player Manhtato into team HideTags (expected team: 7ManhtatoA)
01.10.2024 - 14:30:26 - [TAB v4.1.5] Blocked attempt to add player khoi1309 into team HideTags (expected team: 6khoi1309A)
01.10.2024 - 14:30:26 - [TAB v4.1.5] Blocked attempt to add player MinerwolfybtVn into team HideTags (expected team: 7MinerwolfybtVnA)
01.10.2024 - 14:30:26 - [TAB v4.1.5] Blocked attempt to add player khoi1309 into team HideTags (expected team: 6khoi1309A)
01.10.2024 - 18:09:22 - [TAB v4.1.5] Blocked attempt to add player GiaThink into team HideTags (expected team: 6GiaThinkA)
01.10.2024 - 19:38:13 - [TAB v4.1.5] Blocked attempt to add player Caothanh2008 into team HideTags (expected team: 6Caothanh2008A)
01.10.2024 - 19:42:46 - [TAB v4.1.5] Blocked attempt to add player Manhtato into team HideTags (expected team: 7ManhtatoA)
01.10.2024 - 20:41:14 - [TAB v4.1.5] Blocked attempt to add player Caothanh2008 into team HideTags (expected team: 6Caothanh2008A)
01.10.2024 - 21:02:31 - [TAB v4.1.5] Blocked attempt to add player MinerwolfybtVn into team HideTags (expected team: 7MinerwolfybtVnA)
01.10.2024 - 21:02:31 - [TAB v4.1.5] Blocked attempt to add player Caothanh2008 into team HideTags (expected team: 6Caothanh2008A)
01.10.2024 - 21:02:31 - [TAB v4.1.5] Blocked attempt to add player MinerwolfybtVn into team HideTags (expected team: 7MinerwolfybtVnA)
01.10.2024 - 21:13:46 - [TAB v4.1.5] Blocked attempt to add player khoi1309 into team HideTags (expected team: 6khoi1309A)
01.10.2024 - 21:13:46 - [TAB v4.1.5] Blocked attempt to add player Caothanh2008 into team HideTags (expected team: 6Caothanh2008A)
01.10.2024 - 21:13:46 - [TAB v4.1.5] Blocked attempt to add player MinerwolfybtVn into team HideTags (expected team: 7MinerwolfybtVnA)
01.10.2024 - 21:13:46 - [TAB v4.1.5] Blocked attempt to add player khoi1309 into team HideTags (expected team: 6khoi1309A)
01.10.2024 - 21:30:04 - [TAB v4.1.5] Blocked attempt to add player Manhtato into team HideTags (expected team: 7ManhtatoA)
01.10.2024 - 21:30:04 - [TAB v4.1.5] Blocked attempt to add player Caothanh2008 into team HideTags (expected team: 6Caothanh2008A)
01.10.2024 - 21:30:04 - [TAB v4.1.5] Blocked attempt to add player khoi1309 into team HideTags (expected team: 6khoi1309A)
01.10.2024 - 21:30:04 - [TAB v4.1.5] Blocked attempt to add player Manhtato into team HideTags (expected team: 7ManhtatoA)
01.10.2024 - 21:31:07 - [TAB v4.1.5] Blocked attempt to add player Caothanh2008 into team HideTags (expected team: 6Caothanh2008A)
01.10.2024 - 21:31:07 - [TAB v4.1.5] Blocked attempt to add player khoi1309 into team HideTags (expected team: 6khoi1309A)
01.10.2024 - 21:31:07 - [TAB v4.1.5] Blocked attempt to add player Manhtato into team HideTags (expected team: 7ManhtatoA)
01.10.2024 - 21:32:49 - [TAB v4.1.5] Blocked attempt to add player Caothanh2008 into team HideTags (expected team: 6Caothanh2008A)
01.10.2024 - 21:32:49 - [TAB v4.1.5] Blocked attempt to add player khoi1309 into team HideTags (expected team: 6khoi1309A)
01.10.2024 - 21:32:49 - [TAB v4.1.5] Blocked attempt to add player Manhtato into team HideTags (expected team: 7ManhtatoA)
01.10.2024 - 21:33:58 - [TAB v4.1.5] Blocked attempt to add player Caothanh2008 into team HideTags (expected team: 6Caothanh2008A)
01.10.2024 - 21:33:58 - [TAB v4.1.5] Blocked attempt to add player khoi1309 into team HideTags (expected team: 6khoi1309A)
01.10.2024 - 21:33:58 - [TAB v4.1.5] Blocked attempt to add player Manhtato into team HideTags (expected team: 7ManhtatoA)
01.10.2024 - 21:35:11 - [TAB v4.1.5] Blocked attempt to add player Caothanh2008 into team HideTags (expected team: 6Caothanh2008A)
01.10.2024 - 21:35:11 - [TAB v4.1.5] Blocked attempt to add player khoi1309 into team HideTags (expected team: 6khoi1309A)
01.10.2024 - 21:35:11 - [TAB v4.1.5] Blocked attempt to add player Manhtato into team HideTags (expected team: 7ManhtatoA)
01.10.2024 - 21:37:05 - [TAB v4.1.5] Blocked attempt to add player Caothanh2008 into team HideTags (expected team: 6Caothanh2008A)
01.10.2024 - 21:37:05 - [TAB v4.1.5] Blocked attempt to add player khoi1309 into team HideTags (expected team: 6khoi1309A)
01.10.2024 - 21:37:05 - [TAB v4.1.5] Blocked attempt to add player Manhtato into team HideTags (expected team: 7ManhtatoA)
01.10.2024 - 21:42:46 - [TAB v4.1.5] Blocked attempt to add player kemhehe into team HideTags (expected team: 7kemheheA)
01.10.2024 - 21:42:46 - [TAB v4.1.5] Blocked attempt to add player Caothanh2008 into team HideTags (expected team: 6Caothanh2008A)
01.10.2024 - 21:42:46 - [TAB v4.1.5] Blocked attempt to add player kemhehe into team HideTags (expected team: 7kemheheA)
01.10.2024 - 21:42:46 - [TAB v4.1.5] Blocked attempt to add player khoi1309 into team HideTags (expected team: 6khoi1309A)
01.10.2024 - 21:42:46 - [TAB v4.1.5] Blocked attempt to add player Manhtato into team HideTags (expected team: 7ManhtatoA)
01.10.2024 - 22:10:09 - [TAB v4.1.5] Blocked attempt to add player kakao12342001 into team HideTags (expected team: 6kakao12342001A)
01.10.2024 - 22:10:09 - [TAB v4.1.5] Blocked attempt to add player kemhehe into team HideTags (expected team: 7kemheheA)
02.10.2024 - 04:57:36 - [TAB v4.1.5] Blocked attempt to add player Caothanh2008 into team HideTags (expected team: 6Caothanh2008A)
02.10.2024 - 09:27:17 - [TAB v4.1.5] Blocked attempt to add player GiaThink into team HideTags (expected team: 6GiaThinkA)
02.10.2024 - 11:27:54 - [TAB v4.1.5] Blocked attempt to add player khoi1309 into team HideTags (expected team: 6khoi1309A)
02.10.2024 - 11:45:26 - [TAB v4.1.5] Blocked attempt to add player Caothanh2008 into team HideTags (expected team: 6Caothanh2008A)
02.10.2024 - 13:31:16 - [TAB v4.1.5] Blocked attempt to add player khoi1309 into team HideTags (expected team: 6khoi1309A)
02.10.2024 - 17:35:03 - [TAB v4.1.5] Blocked attempt to add player MinerwolfybtVn into team HideTags (expected team: 7MinerwolfybtVnA)
