12:08 xoaii placed suspicious WATER_BUCKET @ world: x94, z-866
12:09 xoaii placed suspicious WATER_BUCKET @ world: x121, z-898
12:18 xoaii placed suspicious WATER_BUCKET @ world: x0, z-992
12:18 xoaii placed suspicious WATER_BUCKET @ world: x-2, z-995
19:09 khoi1309      : em chào chị
19:09 krostedjulie  : lo emmmm
19:10 krostedjulie  : chi dang trong lua neeee
19:10 khoi1309      : có mic game ko chị
19:10 krostedjulie  : mic game bat cho nao z
19:10 khoi1309      : chị có cài voice chat ko đã
19:10 krostedjulie  : trong setting a ha
19:10 krostedjulie  : de chi coi
19:10 khoi1309      : còn nhanh thì vào mịa discord :))
19:12 krostedjulie  : ua sao chi ko thay
19:12 khoi1309      : ko thấy thì vào discord đi chị :))
19:12 krostedjulie  : =)))
19:32 MinerwolfybtVn: krost ơi
19:32 MinerwolfybtVn: vô nhà tớ ở khum
19:33 khoi1309      : anh ơi
19:33 krostedjulie  : thoi c oi to co nha r
19:33 khoi1309      : skinnn :))))
19:33 krostedjulie  : bi bat coc roiii
19:34 MinerwolfybtVn: vô đi
19:34 krostedjulie  : ua
19:34 krostedjulie  : sao co cai lo
19:34 MinerwolfybtVn: dep khong
19:35 MinerwolfybtVn: xau i
19:36 MinerwolfybtVn: dep khong
19:36 krostedjulie  : dep lam lun
19:38 krostedjulie  : xay nha cao qua zay
19:38 MinerwolfybtVn: thay gi phia truoc khong
19:40 MinerwolfybtVn: dep khong
19:40 krostedjulie  : dep lam
19:40 MinerwolfybtVn: ti em dua ra
19:40 MinerwolfybtVn: lan sau qua tiep nha
19:41 khoi1309      : tiếp khách kìa mạnh
19:42 khoi1309      : oh
19:42 khoi1309      : anh ga
19:42 khoi1309      : gà oiii :))
19:42 khoi1309      : lo nah
19:42 khoi1309      : anh :)
19:42 vudungnoob    : :)
19:42 vudungnoob    : khoi ma
19:42 khoi1309      : wthhhh
19:43 vudungnoob    : anh MinerwolfybtVn
19:43 MinerwolfybtVn: .
19:43 vudungnoob    : sao em bi band nho
19:43 vudungnoob    : em dag di choi
19:43 MinerwolfybtVn: ai
19:43 MinerwolfybtVn: à dcm
19:43 vudungnoob    : anh tp em ve
19:43 vudungnoob    : r xong ban em
19:43 MinerwolfybtVn: em bắt cók
19:44 vudungnoob    : chem em bay ht giáp r
19:44 vudungnoob    : con ban
19:44 MinerwolfybtVn: kim cuong ne
19:44 MinerwolfybtVn: đào i
19:44 khoi1309      : back
19:44 vudungnoob    : wtf
19:45 MinerwolfybtVn: đi theo nè
19:46 vudungnoob    : cs claim r a
19:46 khoi1309      : uk
19:46 MinerwolfybtVn: em cho nhin t rong bong toi r
19:46 vudungnoob    : the unband acc kia di
19:46 MinerwolfybtVn: qua day
19:46 khoi1309      : acc nao z
19:46 vudungnoob    : khoikopro123
19:47 khoi1309      : vậy vudungnoob là khoikopro123 ?
19:47 vudungnoob    : dr
19:47 khoi1309      : anh phát ơi ban ip luôn đi :)
19:47 vudungnoob    : fake ip vo ma
19:47 vudungnoob    : ban ve ip chinh
19:47 khoi1309      : ban luôn acc này đi
19:50 MinerwolfybtVn: tháo giáp i krost
19:50 MinerwolfybtVn: đừng cầm gì
19:51 MinerwolfybtVn: kệ mẹ mạnh
19:55 MinerwolfybtVn: có thì nó chết lâu r
19:56 MinerwolfybtVn: đang say nên tốt
19:57 MinerwolfybtVn: đang say nên tốt bụng th
19:58 MinerwolfybtVn: chứ mua chuộc gì
19:58 MinerwolfybtVn: dcm=))
20:04 MinerwolfybtVn: ê krost
20:04 MinerwolfybtVn: rồi
20:05 MinerwolfybtVn: ko có gì đâu
20:05 MinerwolfybtVn: may đấy
20:05 MinerwolfybtVn: rơi khỏi thế giới
20:06 MinerwolfybtVn: leo lên đầu đi
20:06 MinerwolfybtVn: chuột phải
20:07 MinerwolfybtVn: sao vứt đc bà
20:07 MinerwolfybtVn: tôi lấy
20:07 MinerwolfybtVn: em lấy
20:09 MinerwolfybtVn: kiểu emn đùa thôi
20:09 MinerwolfybtVn: lấy cớ đưa tiền ý mà
20:11 MinerwolfybtVn: đợi xíu
20:12 MinerwolfybtVn: vô đi
20:13 MinerwolfybtVn: đây
20:13 MinerwolfybtVn: chưa coi msa
20:14 MinerwolfybtVn: ở yên đây
20:14 MinerwolfybtVn: táo enchant thôi
20:14 MinerwolfybtVn: táo thường hồi máu
20:16 MinerwolfybtVn: để lấy giúp
20:16 MinerwolfybtVn: bấm 2 lần
20:16 MinerwolfybtVn: có bẫy
20:16 MinerwolfybtVn: check r
20:17 MinerwolfybtVn: mạnh tìm cái này r à
20:17 MinerwolfybtVn: dcm
20:17 MinerwolfybtVn: đợi xí
20:18 MinerwolfybtVn: k xuống đc kìa
20:18 MinerwolfybtVn: tràn sv r
20:19 MinerwolfybtVn: mù
20:21 MinerwolfybtVn: ghi /pv
20:21 MinerwolfybtVn: krostt chat i
20:22 MinerwolfybtVn: dcm mạnh
20:22 krostedjulie  : chat ne
20:22 krostedjulie  : uaaaa
20:22 krostedjulie  : co lon role hok zayyy
20:22 MinerwolfybtVn: cook
20:23 MinerwolfybtVn: =)))
20:24 MinerwolfybtVn: tiếp đi=))
20:24 khoi1309      : toàn trùm ớn ghê :)
20:24 MinerwolfybtVn: =)))
20:24 MinerwolfybtVn: mẹ đến thằng kia
20:24 khoi1309      : what
20:25 MinerwolfybtVn: đủ r à
20:25 MinerwolfybtVn: lụm đi
20:26 khoi1309      : roblox
20:26 khoi1309      : rivals
20:26 MinerwolfybtVn: krost ghi /pv 1
20:27 khoi1309      : ê anh phát bán pv em muaaa :))
20:27 MinerwolfybtVn: k
20:27 khoi1309      : o kia
20:27 MinerwolfybtVn: keej m
20:27 MinerwolfybtVn: clear đi dcm
20:27 MinerwolfybtVn: 20s mà lâu z
20:27 MinerwolfybtVn: clear lẹ
20:28 MinerwolfybtVn: đó
20:28 MinerwolfybtVn: đào đi=))
20:28 MinerwolfybtVn: đừng biết-))
20:28 MinerwolfybtVn: vui là đc
20:29 MinerwolfybtVn: kill nhầm
20:30 khoi1309      : tên tôi có giống ai đâu nhể
20:30 MinerwolfybtVn: đào đi
20:30 MinerwolfybtVn: vui không
20:31 MinerwolfybtVn: cất vô pv đỡ đi
20:31 MinerwolfybtVn: pv 2
20:31 MinerwolfybtVn: đào đi nha
20:32 khoi1309      : tpa ddee
20:32 MinerwolfybtVn: k
20:32 khoi1309      : mia
20:33 MinerwolfybtVn: mạnh ơi
20:33 MinerwolfybtVn: đợi tí
20:33 krostedjulie  : pv 1
20:34 MinerwolfybtVn: đẹp k
20:35 MinerwolfybtVn: ghi pv 3
20:42 MinerwolfybtVn: tắt live đi cha
20:45 MinerwolfybtVn: em quê quảng bình
20:46 MinerwolfybtVn: ngooif ddi
20:47 MinerwolfybtVn: lỗi
20:49 MinerwolfybtVn: em set vĩnh viễn
20:52 MinerwolfybtVn: quay chea
20:52 MinerwolfybtVn: quay chưa
20:53 MinerwolfybtVn: 9h em đi họp
20:53 MinerwolfybtVn: 30p sau em vào
20:53 MinerwolfybtVn: đẹp khum
20:54 MinerwolfybtVn: có 2 máy
20:54 MinerwolfybtVn: nhma máy kia đang chạy server
20:54 MinerwolfybtVn: em sắp bỏ để làm pc r
20:58 Caothanh2008  : anh dung
20:58 Caothanh2008  : dm
20:59 Caothanh2008  : :))
20:59 MinerwolfybtVn: đi họp nha
20:59 Caothanh2008  : dm
20:59 Caothanh2008  : anh manh
20:59 Caothanh2008  : chuyen lai sinh ton cho e
20:59 krostedjulie  : nyaa
21:00 Caothanh2008  : con em nx
21:01 Caothanh2008  : tai tao dang cong may
21:01 Caothanh2008  : manh
21:01 Caothanh2008  : cho em ve sinh ton
21:02 khoi1309      : :))
21:02 khoi1309      : êm đít vãi :))
21:03 khoi1309      : êm đít vãi ai muốn ko :))
21:04 khoi1309      : thanh ngồi ko
21:04 khoi1309      : cho 1 cái
21:04 khoi1309      : :))
21:04 khoi1309      : bắt cóc
21:04 khoi1309      : bắt cóc anh mạnh
21:06 Caothanh2008  : j
21:07 khoi1309      : , /spinnn
21:08 khoi1309      : FBI
21:08 khoi1309      : giấy kết hôn đâu móc ra :)
21:09 Caothanh2008  : anh oi em chi nay
21:17 Caothanh2008  : anh giet cuu lam j v
21:17 Caothanh2008  : ve nha
21:18 Caothanh2008  : nha em ko thieu j len vs thach anh
21:18 Caothanh2008  : :))
21:20 Caothanh2008  : anh manh
21:20 Caothanh2008  : cho anh xem nay
21:28 Caothanh2008  : tai no ban vs anh em minh
21:28 Caothanh2008  : no thi ban dau cc
21:28 MinerwolfybtVn: elo là sao
21:29 Caothanh2008  : dell dao dc nx
21:32 Caothanh2008  : anh amnh
21:32 Caothanh2008  : len
21:32 Caothanh2008  : anh cho e vao nha anh ik
21:32 Caothanh2008  : em ko dat dc block o day
21:32 Caothanh2008  : yea
21:33 Caothanh2008  : cu phai ngai vs nguoi giau
21:33 Caothanh2008  : ko co j
21:33 Caothanh2008  : :))))
21:34 Caothanh2008  : len day
21:35 Caothanh2008  : cai cai resoupack fullbright vao
21:35 Caothanh2008  : ko muc dc
21:35 Caothanh2008  : dcm
21:36 Caothanh2008  : em ko muc dc
21:36 Caothanh2008  : giet ca nhiet doi r mang ve cho no an de no de con
21:36 Caothanh2008  : dell nho dg len
21:36 Caothanh2008  : :)))
21:37 Caothanh2008  : anh oi
21:37 MinerwolfybtVn: lợn chưa xem
21:37 Caothanh2008  : tp e
21:37 Caothanh2008  : co may con axxolot mau xanh
21:37 Caothanh2008  : manh
21:37 Caothanh2008  : tp mang xo xuong day
21:38 Caothanh2008  : 3 con
21:38 Caothanh2008  : manh
21:39 Caothanh2008  : con
21:39 MinerwolfybtVn: say quá
21:39 MinerwolfybtVn: đi ngủ đây
21:43 krostedjulie  : dth
21:43 Caothanh2008  : doi e ti
21:43 krostedjulie  : em cung muon lam axolotl
21:44 krostedjulie  : hok
21:45 krostedjulie  : em di dao hang nha
21:45 krostedjulie  : can nhung cai j
21:45 krostedjulie  : 34
21:46 krostedjulie  : lon
21:47 krostedjulie  : em bo vao vault r
21:49 krostedjulie  : em di mot minh
21:50 Manhtato      : ./home home
21:50 krostedjulie  : oki
