13:35 khoi1309    : 135 31 -253
19:42 MinerwolfybtVn: tuong manh keu k no=))
19:43 khoi1309      : bypass
19:44 MinerwolfybtVn: xem ao thuat ne
19:45 MinerwolfybtVn: /w khoi1309 ê giả bộ phá nhà mạnh=)) 
19:46 khoi1309      : what
19:48 MinerwolfybtVn: cbi ne
19:48 MinerwolfybtVn: vcc
19:49 MinerwolfybtVn: chetme
19:49 MinerwolfybtVn: chet cu ong gia r
19:50 MinerwolfybtVn: chet me ong gia r=)
19:50 MinerwolfybtVn: /w khoi1309 khôi ơi 
19:50 MinerwolfybtVn: /w khoi1309 anh định copy map xong giả bộ đốt nhà mạnh-=)) 
19:50 MinerwolfybtVn: /r đc k=)) 
19:51 MinerwolfybtVn: /r đc k=)) 
19:51 MinerwolfybtVn: mạnh ơi
19:53 MinerwolfybtVn: khôi ơi=))
19:53 MinerwolfybtVn: cbi=))
19:53 khoi1309      : ?
19:53 khoi1309      : ok
19:53 MinerwolfybtVn: ^^
19:54 MinerwolfybtVn: vao day
19:54 MinerwolfybtVn: TROLL
19:54 MinerwolfybtVn: có copy map/
19:54 MinerwolfybtVn: :))
19:54 MinerwolfybtVn: để bung backup
19:55 MinerwolfybtVn: copy r=)
19:55 MinerwolfybtVn: em copy all r=)
19:56 MinerwolfybtVn: đợi=))
20:03 khoi1309  : afk ti
20:05 MinerwolfybtVn: mạnh ơi
20:06 MinerwolfybtVn: nhinf
20:06 MinerwolfybtVn: skin
20:06 MinerwolfybtVn: k bất ngờ à
20:08 MinerwolfybtVn: mạnh
20:08 MinerwolfybtVn: xem
20:09 MinerwolfybtVn: bộ j=))
20:09 MinerwolfybtVn: xaml
20:11 MinerwolfybtVn: ơ
20:11 MinerwolfybtVn: đợi
20:14 MinerwolfybtVn: di dau
20:16 MinerwolfybtVn: đợi restart máy chủ
20:16 MinerwolfybtVn: bug
20:16 MinerwolfybtVn: buff đc đồ
20:18 MinerwolfybtVn: nhìn nè
20:19 khoi1309      : what
20:19 MinerwolfybtVn: thay j k
20:19 khoi1309      : thay gi
20:19 MinerwolfybtVn: skin t
20:19 khoi1309      : police
20:19 MinerwolfybtVn: ua
20:19 MinerwolfybtVn: login lần 1 th
20:19 MinerwolfybtVn: giờ ntn
20:19 MinerwolfybtVn: skin ntn
20:19 khoi1309      : van the em tluancher
20:20 MinerwolfybtVn: gio sao
20:20 khoi1309      : em ko load dc :)
20:21 MinerwolfybtVn: skin ntn
20:21 khoi1309      : van the
20:21 MinerwolfybtVn: :V
20:22 MinerwolfybtVn: dc ch
20:22 khoi1309      : chx
20:22 MinerwolfybtVn: skin police a
20:22 khoi1309      : uk
20:22 MinerwolfybtVn: dc ch
20:22 MinerwolfybtVn: doi r ma ta
20:23 MinerwolfybtVn: skin j
20:23 MinerwolfybtVn: vc
20:24 MinerwolfybtVn: skin em hinh j
20:24 MinerwolfybtVn: dcm
20:28 MinerwolfybtVn: nứng lồn cấp thành phố
20:29 MinerwolfybtVn: di dau
20:30 MinerwolfybtVn: skin em thay ch
20:30 MinerwolfybtVn: khỏi đi
20:34 MinerwolfybtVn: mẹ
20:35 MinerwolfybtVn: bấm chuông chủ đéo ra mở
20:35 MinerwolfybtVn: ko mời khách à
20:35 MinerwolfybtVn: uống lại đã
20:36 MinerwolfybtVn: đau bụng quá
20:36 khoi1309      : cục an toàn thực phẩm tới kiểm tra nhà mạnhhhhhhh
20:37 MinerwolfybtVn: ngộ độc thực phẩm
20:37 MinerwolfybtVn: chào anh em đến chơi
20:38 MinerwolfybtVn: anh cứ kệ em
20:38 MinerwolfybtVn: anh cứ làm đi
20:39 MinerwolfybtVn: em mời anh nhe
20:40 MinerwolfybtVn: em chào anh
20:40 MinerwolfybtVn: em đến chơi
20:40 MinerwolfybtVn: anh cứ kệ em
20:41 MinerwolfybtVn: em có chút quà quê
20:42 MinerwolfybtVn: ôi quý hoá quá
20:42 MinerwolfybtVn: đã đến chơi rồi còn có quà
20:42 MinerwolfybtVn: em đến thăm cháu ạ
20:42 MinerwolfybtVn: với có chút việc em cần bàn
20:43 MinerwolfybtVn: em muốn xin cho thằng cu nhà em học đại học
20:43 MinerwolfybtVn: anh xin hộ em đi
20:43 MinerwolfybtVn: thằng cu nhà em ngu lắm
20:43 MinerwolfybtVn: có 16 điểm thôi anh ạ
20:43 MinerwolfybtVn: em có
20:43 MinerwolfybtVn: 0123456789JQKA
20:44 khoi1309 placed suspicious WATER_BUCKET @ world: x91, z-960
20:44 MinerwolfybtVn: dạ 09 02 ngày mai nói tiếp
20:44 MinerwolfybtVn: số báo danh bành thị bông lụa
20:44 MinerwolfybtVn: vâng ạ
20:44 MinerwolfybtVn: anh uống nước
20:45 MinerwolfybtVn: vâng
20:45 MinerwolfybtVn: em cảm ơn
20:45 khoi1309      : em mới múc dưới cống :))
20:45 MinerwolfybtVn: lại này
20:46 MinerwolfybtVn: viễn cảnh bị ngộ độc thực phẩm nhá
20:46 MinerwolfybtVn: nhớ mời nc
20:47 MinerwolfybtVn: cbi lại nè
20:47 MinerwolfybtVn: +))
20:48 MinerwolfybtVn: mai em đi làm=)
20:48 MinerwolfybtVn: vlr đi
20:48 MinerwolfybtVn: uk
20:48 MinerwolfybtVn: chơi vlr xong còn đi trực
22:26 xoaii placed suspicious WATER_BUCKET @ world: x118, z-896
22:31 Caothanh2008  : hi lo
22:31 xoaii         : helo
22:31 Caothanh2008  : hom qua mới lót sàn nhà cho chị
22:31 Caothanh2008  : :))
22:34 xoaii         : :)))
22:34 xoaii         : sàn nhà nào thế:))
22:34 xoaii         : :v chua xem toi khuc nay`]
22:34 Caothanh2008  : xay lau v
22:35 xoaii         : gio moi ranh de xay:))
22:35 Caothanh2008  : nhin len tren ne chi
22:35 Caothanh2008  : ::)))
22:36 xoaii         : :)))
22:40 xoaii         : gio la luc xay coi xay gio:))
23:00 Caothanh2008  : chi di dau day
23:00 xoaii         : lay long cuu:))
23:00 Caothanh2008  : de e giup
23:00 xoaii         : gan du r:vv
23:01 Caothanh2008  : len dau e
23:02 xoaii         : du r ne:))
23:02 Caothanh2008  : ok
23:12 xoaii         : :))
23:12 xoaii         : nhà e xây quá đẹp
23:13 xoaii         : để tí e làm lại đất
23:14 xoaii         : tí e xây thêm cây cầu:))
23:15 xoaii         : sao a:v
23:17 xoaii         : de ti e chat cay tre:))
23:18 xoaii         : a biết làm dây xích kh:v
23:19 xoaii         : :))
23:19 xoaii         : mắt sáng luôn
23:19 xoaii         : dc a:))
23:20 xoaii         : 8p a:v
23:20 xoaii         : thở dưới nc là 8
23:20 xoaii         : dùng xẻng á a
23:21 xoaii         : e cài shader nhìn chill phết:))
23:21 xoaii         : sildul a a
23:22 xoaii         : ngồi đây còn thấy cái nhà e:))
23:23 xoaii         : ok a:v
23:23 xoaii         : th chắc
23:23 xoaii         : e trang trí nhà
