00:00 xoaii         : ngon
00:00 xoaii         : đứng trc nhà bít nhặt được đá cuội bảng sấu
00:02 Caothanh2008  : nole daden
00:03 Caothanh2008  : neatcho
00:03 Caothanh2008  : khoi lo
00:03 Caothanh2008  : beat cho
00:06 Caothanh2008  : đồ xây nhà nè
00:06 Caothanh2008  : thừa bao nhiêu trả lại nhé
00:06 Caothanh2008  : ki bo mới giàu đv
00:06 Caothanh2008  : ko bt
00:06 xoaii         : ua
00:06 Caothanh2008  : u nhien trong ng
00:06 xoaii         : ai cho xoai ra day v
00:07 Caothanh2008  : yêu phải dí
00:08 xoaii placed suspicious WATER_BUCKET @ world: x140, z-934
00:08 Caothanh2008  : j
00:08 Caothanh2008  : đá thừa đâu
00:08 Caothanh2008  : đá hôm nọ
00:10 Caothanh2008  : beat giau
00:10 Caothanh2008  : camxeng
00:10 xoaii         : alo a khoi
00:10 xoaii         : ti lam van LOL voi e
00:11 xoaii         : e con kinh
00:12 xoaii         : a chặt cây hả
00:13 Caothanh2008  : beat di ngu
00:13 Caothanh2008  : h beast đi ngủ
00:13 Caothanh2008  : camcai riu
00:13 Caothanh2008  : giu shift
00:14 Caothanh2008  : dao may cai cay cho beat
00:14 Pe_MinerWolf1990: cho em ra voi
00:14 Caothanh2008    : lam sao
00:14 Manhtato        : tram a em
00:14 Caothanh2008    : nhung beat giau
00:14 Pe_MinerWolf1990: em dung
00:14 Manhtato        : may ngu ik
00:14 Caothanh2008    : pe
00:14 Pe_MinerWolf1990: em mất ngủ
00:14 Manhtato        : thua biu ak
00:14 Manhtato        : vc
00:15 xoaii           : ai the
00:15 Manhtato        : tp Pe_MinerWolf1990 Manhtato
00:15 Caothanh2008    : beat lâu ki
00:15 Manhtato        : dung
00:16 Pe_MinerWolf1990: mạnh rảnh k
00:16 Manhtato        : may cho nha mayf
00:16 Pe_MinerWolf1990: vào nch vowia em tí
00:16 Manhtato        : lui xuong
00:16 Caothanh2008    : h beat di ngu nhe
00:16 Caothanh2008    : bye
00:16 Caothanh2008    : sang mai beat con ra net
00:16 Caothanh2008    : :)))
00:17 Caothanh2008    : sau
00:17 Caothanh2008    : cho e xem vs
00:18 Caothanh2008    : dinh ba
00:19 Caothanh2008    : theo beat
00:19 xoaii           : a khoi xay xong ch
00:19 xoaii           : LOL voi e kh:v
00:19 Caothanh2008    : day la farm nhen
00:20 Caothanh2008    : farm nhen
00:20 Caothanh2008    : doi ti
00:20 Caothanh2008    : doi 30 s
00:20 Caothanh2008    : ok
13:22 xoaii           : a với e đi atlan k
13:26 xoaii           : beef steak
13:26 xoaii           : :)))
13:27 xoaii           : e chôm đấy
13:27 xoaii           : nhà dũng
13:27 xoaii           : nhà a cũng có
13:27 xoaii           : a thấy cái rương k
13:27 xoaii           : đấy mấy chỗ đấy
13:28 xoaii           : lúc mà dũng nó ch claim
13:28 xoaii           : là e vào lấy 1 stack kc
13:28 xoaii           : :)))
13:28 xoaii           : 1 stack
13:28 xoaii           : bây giờ còn 60:)))
13:29 xoaii           : mà a chuẩn bị đồ đánh rồng ch:V
13:30 xoaii           : e đang cbi táo vàng với block
13:30 xoaii           : e đi với
13:32 xoaii           : e choiw tí đi khám sk
13:32 xoaii           : đây có nè a
13:43 xoaii           : khi nào a đẻ
13:44 xoaii           : khi thi` 20k
13:44 xoaii           : kh
13:45 xoaii placed suspicious WATER_BUCKET @ world: x121, z-898
13:46 xoaii           : chết ch
13:46 xoaii           : sang đây
13:46 xoaii           : oẹ
13:47 xoaii           : cho xoài set nether với kc
13:47 xoaii           : :)) là xoài bầu a mạnh đi
13:48 xoaii           : ô
13:48 xoaii           : giờ cái làng này có tí tiền với set đồ
13:48 xoaii           : giờ cho xoài đồ đi r vote a mạnh đi khỏi làng
13:48 xoaii           : :)))
13:48 xoaii           : có đồ đc r
13:49 xoaii           : nô lệ tư bản
13:49 xoaii           : a mạnh trưởng làng
13:49 xoaii           : dũng nói đúng bây giờ cái làng
13:49 xoaii           : k có chính quyền can thiệp thì cái làng k yên đc
13:49 xoaii           : :)))
13:50 xoaii           : bây giờ a mạnh đi là cái làng thành xã hội tư bản
13:50 xoaii           : :)))
13:52 xoaii           : congan danhdan
13:53 xoaii           : th a mạnh ở lại đi
13:53 xoaii           : e làm trưởng làng cho
13:53 xoaii           : áp bức nhân dân
13:53 xoaii placed suspicious WATER_BUCKET @ world: x147, z-932
13:54 xoaii           : L:)))
13:55 xoaii           : công an đánh dân
13:55 xoaii           : chính quyền áp bức nhân dân
13:57 xoaii           : th e vẫn thích cộng hoà xã hội chủ nghĩa độc lập tự do hơn:)))
13:58 xoaii           : e còn ch trải đời ch muốn làm nô lệ tư bản
13:59 xoaii placed suspicious WATER_BUCKET @ world: x124, z-891
13:59 xoaii           : sv này chính trị quá
14:00 xoaii placed suspicious WATER_BUCKET @ world: x153, z-921
14:01 xoaii           : a mạnh
14:01 xoaii           : dũng nó nói đúng quá e kh cãi hộ a được
14:02 xoaii           : 1 đứa mới chính trị cấp phổ thông như e kh bằng đứa ở trung tâm chính quyền đc:))
14:03 xoaii           : 7 cu
14:05 xoaii           : dũng có tự do kh
14:06 xoaii           : a mạnh
14:06 xoaii           : chắc sau này
14:07 xoaii           : e cũng k vào công ty anh được r:))
14:07 xoaii           : nói thật e có định hướng làm bên nhà nước;)))
14:07 xoaii           : như khứa dũng
14:09 xoaii           : mà bên mảng công việc a là gì thế e quên r:))
14:13 xoaii           : xây gì cơ
19:43 F4R1K0          : hello a dung
19:43 MinerwolfybtVn  : hi
19:45 F4R1K0          : a dung oi
19:45 F4R1K0          : co xeng silk touch k
19:45 MinerwolfybtVn  : k
19:45 F4R1K0          : the co block co ko
19:45 F4R1K0          : e xin voi
19:45 F4R1K0          : ma thoi
19:45 F4R1K0          : e lap dat cung dc
19:47 Caothanh2008    : mr beat ko doi dc
19:47 Caothanh2008    : đất của
19:48 Caothanh2008    : ko pahir đất của beat
19:48 Caothanh2008    : beat ko đập đc
19:54 Caothanh2008    : sap len dia r
19:54 Caothanh2008    : u
19:54 Caothanh2008    : sap thoi
19:54 Caothanh2008    : con 60 diem nx
19:55 Manhtato        : @@
19:55 Caothanh2008    : chi co mr beat moi dc dung vao dat chinh
19:57 Caothanh2008: beat cho an bồi bổ nè
20:08 Manhtato    : dung
20:08 MinerwolfybtVn: ??
20:08 Manhtato      : dang lam cl gi the
20:08 MinerwolfybtVn: clear quái
20:08 Manhtato      : trong nha may as har
20:09 MinerwolfybtVn: l
20:09 MinerwolfybtVn: k
20:10 MinerwolfybtVn: tp di
20:25 F4R1K0 placed suspicious WATER_BUCKET @ world: x162, z-963
20:39 MinerwolfybtVn: ko chao em a anh manh
20:39 MinerwolfybtVn: nhắc mới chào
20:40 MinerwolfybtVn: nhma nó chào trc anh
20:40 MinerwolfybtVn: nó có lòng hơn anh
20:40 MinerwolfybtVn: dỗi mẹ đi
20:40 MinerwolfybtVn: đang hút thuốc k mic nha
20:40 MinerwolfybtVn: dcm lại đéo trl
20:40 MinerwolfybtVn: anh câm à
20:41 MinerwolfybtVn: chính ơi
20:41 MinerwolfybtVn: máy farm xp nhanh lắm em
20:41 MinerwolfybtVn: k
20:41 MinerwolfybtVn: bao viền có enderman
20:41 MinerwolfybtVn: cứu
20:42 MinerwolfybtVn: cứu miner
20:42 MinerwolfybtVn: cứu miner
20:43 MinerwolfybtVn: farm i krost
20:43 MinerwolfybtVn: xài kiếm chém
20:45 MinerwolfybtVn: ưhat
20:45 MinerwolfybtVn: idk
20:46 MinerwolfybtVn: nhiều khi chính đang đập xong nó clear
20:46 MinerwolfybtVn: thì đr
20:46 MinerwolfybtVn: nó clear item
20:47 MinerwolfybtVn: k
20:47 MinerwolfybtVn: ko
20:47 MinerwolfybtVn: đập đi nè
20:49 MinerwolfybtVn: level 399 r ne
20:50 MinerwolfybtVn: thanh coong cuj
20:52 MinerwolfybtVn: anh co ne
20:52 MinerwolfybtVn: ???
20:53 MinerwolfybtVn: em dang duoi the end ma
20:53 MinerwolfybtVn: em duoi the end
20:56 Caothanh2008  : co dit con rong ko v
20:56 Caothanh2008  : định xây nhà to hơn beat à
20:56 MinerwolfybtVn: dcm
20:56 MinerwolfybtVn: sao lắm nhạy bạc z
21:00 MinerwolfybtVn: cứu
21:05 MinerwolfybtVn: ê cho con này vào nhà mạnh
21:05 MinerwolfybtVn: =))
21:05 MinerwolfybtVn: nhìn nè
21:06 MinerwolfybtVn: phá đất dùm
21:06 MinerwolfybtVn: buồn thế
21:06 MinerwolfybtVn: có lòng mà bạn ko có dạ
21:06 MinerwolfybtVn: bấm nhầm
21:06 MinerwolfybtVn: tính về homes mà bấm nhầm sang chính
21:07 MinerwolfybtVn: ê chính
21:07 MinerwolfybtVn: sao k bế dc
21:07 MinerwolfybtVn: anh bật bất tử
21:08 MinerwolfybtVn: đi theo nè
21:09 MinerwolfybtVn: dung ai trl
21:10 MinerwolfybtVn: leo lên đầu đi
21:10 MinerwolfybtVn: ơ
21:10 MinerwolfybtVn: đâu
21:10 MinerwolfybtVn: lúa
21:10 MinerwolfybtVn: máy farm lúa
21:11 MinerwolfybtVn: chính đi tìm kc k'
21:11 MinerwolfybtVn: đi
21:11 MinerwolfybtVn: đi
21:13 MinerwolfybtVn: god mode
21:13 MinerwolfybtVn: anh dùng trick
21:13 MinerwolfybtVn: e ray
21:16 MinerwolfybtVn: đủ lượng r
21:16 MinerwolfybtVn: =))
21:16 Caothanh2008  : ae di dau day
21:16 MinerwolfybtVn: m chỉ cần hiểu piechart thì cái gì cũng tìm đc
21:17 MinerwolfybtVn: chơi vlr tí rồi ngủ
21:20 Caothanh2008  : beat giau
21:20 Caothanh2008  : chuot phai
21:22 Caothanh2008  : xaynha cho dep vao
21:22 Caothanh2008  : xayxau mat mi quan do thi nha beat
21:25 Caothanh2008  : sao chi
21:28 khoi1309      : hello
21:30 Caothanh2008  : sao
21:33 Caothanh2008  : thich ko
21:33 Caothanh2008  : mai beat cho 1 set netherite
21:34 Caothanh2008  : set đồ của hiếu là beat cho đấy
21:34 Caothanh2008  : :)))
21:34 Caothanh2008  : thif lỗi của anh mà
21:34 Caothanh2008  : :)))
21:36 khoi1309      : :)
21:36 Caothanh2008  : :))\
21:36 khoi1309      : cái
21:36 khoi1309      : nó clear :))
21:37 Caothanh2008  : anh cái loz
21:37 khoi1309      : :)
21:37 khoi1309      : 2k12 :))
21:37 khoi1309      : cái giề
21:37 khoi1309      : điêu
21:37 Caothanh2008  : beat cung moi vao lop
21:37 Caothanh2008  : love you
21:37 Caothanh2008  : tg nao lop 11
21:37 MinerwolfybtVn: để bà m chuyển nhà
21:37 MinerwolfybtVn: ghét ẳng mẹ câu=)
21:37 Caothanh2008  : beat lop
21:38 Caothanh2008  : you
21:38 Caothanh2008  : beaat cung 11
21:39 Caothanh2008  : nhung ma tg gay thu la admin
21:39 Caothanh2008  : :)))
21:39 MinerwolfybtVn: t làm gì=)
21:39 khoi1309      : :))
21:39 Caothanh2008  : lmaf em nứng
21:39 MinerwolfybtVn: dcm=)
21:39 Caothanh2008  : ra beat bao
21:40 Caothanh2008  : nhìn vào mặt beat
21:40 Caothanh2008  : nhin beat
21:40 MinerwolfybtVn: khôi dùng vclip à
21:40 MinerwolfybtVn: mạnh ơi
21:40 MinerwolfybtVn: anh ghét em k
21:40 MinerwolfybtVn: trl đi
21:41 MinerwolfybtVn: thế em ko lùi nhà vào nhá=))
21:41 Caothanh2008  : mr bitch hay hop tac vs toi
21:41 MinerwolfybtVn: mạnh nhá
21:42 MinerwolfybtVn: ???
21:43 Caothanh2008  : ăn dell j hốc nhanh thế
21:44 MinerwolfybtVn: để em
21:44 MinerwolfybtVn: ????
21:47 MinerwolfybtVn: manhj ơi
21:47 MinerwolfybtVn: nhìn nè
21:48 Caothanh2008  : e day ma
21:48 MinerwolfybtVn: trả lại bình yên cho làng
21:48 Caothanh2008  : em bi do toi kia
21:48 MinerwolfybtVn: em out làng
21:48 Caothanh2008  : buon qua
21:49 MinerwolfybtVn: bai nha
21:49 MinerwolfybtVn: ê clear đi
21:50 Caothanh2008  : e dua r
21:50 Manhtato      : sdfk,
21:52 Caothanh2008  : xin anh manh ay
21:52 Caothanh2008  : hom trc beat cho 6 stack go day
21:52 Caothanh2008  : lam j v
21:52 Caothanh2008  : giu shift
21:53 khoi1309      : wth
21:54 Caothanh2008  : de beat chi ch
21:54 Manhtato      : ts
21:54 MinerwolfybtVn: bầu cho ai
21:54 MinerwolfybtVn: từ chối
21:54 Caothanh2008  : cuu beat
21:54 Caothanh2008  : beat chet r
21:55 Caothanh2008  : len mai nha
21:55 Caothanh2008  : cuu beat
21:55 Manhtato      : sd
21:55 Caothanh2008  : chinh
21:55 Caothanh2008  : cuu beat
21:55 MinerwolfybtVn: em out làng r nha
21:55 MinerwolfybtVn: chúc làng sớm cháy
21:55 Caothanh2008  : tren mai
21:55 Caothanh2008  : ko tp dc
21:55 Caothanh2008  : sau nha
21:55 Manhtato      : t
21:55 Caothanh2008  : nha chinh
21:55 Caothanh2008  : ben canh
21:56 Caothanh2008  : sau
21:56 Caothanh2008  : sap chet r
21:56 Caothanh2008  : beat nga gay chan
21:56 Caothanh2008  : qua day
21:57 Caothanh2008  : de vao
21:57 MinerwolfybtVn: ai dùng hack đấy
21:57 Caothanh2008  : sao chet r
21:58 Caothanh2008  : sao
21:58 Caothanh2008  : beat giau
21:58 MinerwolfybtVn: chưa thấy đóng thuế ha
21:58 Caothanh2008  : e
21:58 Caothanh2008  : cho beat muon 1 stackdia dong thue cho admin cai
21:59 Caothanh2008  : muon 1 stack kim cuong
21:59 Caothanh2008  : ad dau
21:59 khoi1309      : liều :))
21:59 MinerwolfybtVn: tao đây
21:59 Caothanh2008  : 1 stack kimcuong nay
21:59 Caothanh2008  : dong thue cai
21:59 khoi1309      : :)))
21:59 MinerwolfybtVn: à=))
22:00 MinerwolfybtVn: ngoan
22:00 khoi1309      : ê phát cái chỗ farm đồ linh tinh này có thuế ko :))
22:00 Caothanh2008  : co nha la co thue
22:00 MinerwolfybtVn: 64 kc
22:00 Caothanh2008  : ra beat bao
22:00 khoi1309      : nhà teo đóng đầu tiên
22:00 Caothanh2008  : cu 1 stack kim cuong ma giã
22:00 khoi1309      : 2 st khối kc đóng xong hết tiền
22:01 MinerwolfybtVn: m xây nhà là có thuế r em
22:01 MinerwolfybtVn: anh chưa thèm thuê thì thôi
22:01 khoi1309      : anh đòi em 2 st khối :)
22:02 MinerwolfybtVn: thuế em ơi
22:02 Caothanh2008  : nghĩ beat cần à
22:02 khoi1309      : ?
22:02 Caothanh2008  : beat xin nhé
22:02 khoi1309      : :)0
22:02 MinerwolfybtVn: chính ơi còn thuế em ơi
22:02 MinerwolfybtVn: đừng quên nhau thế chứ
22:03 Caothanh2008  : tien tieu vat ay ma
22:03 MinerwolfybtVn: em ơi
22:03 MinerwolfybtVn: chưa nghe cướp bóc r
22:04 Caothanh2008  : thich bo thi cho beat ko
22:04 khoi1309      : :))
22:04 MinerwolfybtVn: thuế
22:04 khoi1309      : em đóng giúp cho
22:04 Caothanh2008  : anh dung qua day
22:04 MinerwolfybtVn:  placed a sign @ world: x159, z-939
  Niêm Phong
22:04 Caothanh2008  : 17 qua tao vang dyko
22:05 khoi1309      : thua
22:06 Caothanh2008  :  placed a sign @ world: x151, z-938
  wd
22:06 Caothanh2008  : cuu beat
22:07 MinerwolfybtVn: choongs đối k=))
22:07 Caothanh2008  : em tra cho tg de 62 vien trc
22:07 MinerwolfybtVn: ko thu hộ
22:07 Caothanh2008  : em trả cho đệ trc 63 viên nè
22:09 MinerwolfybtVn: thanh trừng cấp cao=))
22:09 Caothanh2008  : sao co block t ang hinh o day
22:10 MinerwolfybtVn: đốt nhà=))
22:10 Caothanh2008  : noooooooooooooo
22:10 Caothanh2008  : beat buồn ỉa
22:11 Caothanh2008  : beat dia ia cai
22:11 Caothanh2008  : buon qua
22:11 MinerwolfybtVn: len trắng?
22:11 MinerwolfybtVn: thu mua trái phép
22:11 Mushokujup    : =))
22:11 Mushokujup    : cho em xin role i anh dung dz
22:12 MinerwolfybtVn: qua đây'
22:12 MinerwolfybtVn: t hit 1 cái m lăn đấy=))
22:12 MinerwolfybtVn: đi theo ta
22:13 MinerwolfybtVn: đi theo ta
22:13 MinerwolfybtVn: thu mua trái phép lông cừu
22:13 MinerwolfybtVn: lông cừu từ đâu
22:13 MinerwolfybtVn: à
22:14 MinerwolfybtVn: mấy đứa chơi đi nhas
22:14 MinerwolfybtVn: anh cho chị nhà ngủ
22:14 MinerwolfybtVn: mai còn làm đám giỗ
22:14 F4R1K0 placed suspicious WATER_BUCKET @ world: x161, z-950
22:14 F4R1K0 placed suspicious WATER_BUCKET @ world: x161, z-949
22:14 F4R1K0 placed suspicious WATER_BUCKET @ world: x161, z-950
22:14 F4R1K0 placed suspicious WATER_BUCKET @ world: x161, z-947
22:14 F4R1K0 placed suspicious WATER_BUCKET @ world: x160, z-948
22:14 F4R1K0 placed suspicious WATER_BUCKET @ world: x160, z-947
22:14 F4R1K0 placed suspicious WATER_BUCKET @ world: x160, z-946
22:14 F4R1K0 placed suspicious WATER_BUCKET @ world: x161, z-946
22:14 F4R1K0 placed suspicious WATER_BUCKET @ world: x162, z-946
22:14 F4R1K0 placed suspicious WATER_BUCKET @ world: x162, z-947
22:14 F4R1K0 placed suspicious WATER_BUCKET @ world: x162, z-948
22:14 F4R1K0 placed suspicious WATER_BUCKET @ world: x161, z-948
22:15 Caothanh2008  : bo netherite em cho anh dau
22:15 Mushokujup    : mat r
22:15 Mushokujup    : ngheo r
22:15 Caothanh2008  : :)))
22:15 Caothanh2008  : sub a
22:15 Mushokujup    : ?
22:15 F4R1K0        : sat
22:15 Caothanh2008  : dit
22:15 Caothanh2008  : beat giau qua ko co sat
22:20 Caothanh2008  : ko phai trong team
22:20 Caothanh2008  : ko vao dc dau
22:20 Caothanh2008  : no ko dang ki dc tk
22:20 Caothanh2008  : bạn của tg bị ban trong sv ấy mà
22:21 Caothanh2008  : j
22:21 Caothanh2008  : vang beat vua lam het thanh tao r
22:22 Caothanh2008  : doi beat ti
22:22 Caothanh2008  : can bn
22:22 Caothanh2008  : cần bn
22:22 Caothanh2008  : ăn vàng à
22:22 Caothanh2008  : :)))
22:26 Mushokujup    :  placed a sign @ world: x150, z-894
  thue nha gia re
  -Mushokujup-
22:31 Mushokujup    : ty kem vo choi ne
22:32 Mushokujup    : day
22:38 Mushokujup    : register
22:38 Mushokujup    : r mat khau
22:41 Mushokujup    : thue nha 10kc
22:41 kemhehe       : ...
22:42 Mushokujup    : m kbiet nay t mua con dao cho kem a=)))
22:43 Mushokujup    : qua day
22:44 Mushokujup    : chieu mai m ban k chinh
22:44 Caothanh2008  : ma mn sinh nam bn v
22:44 Mushokujup    : thg nay deo nho a
22:45 Caothanh2008  : hiếu cũng k8 hả
22:45 Mushokujup    : dr
22:45 Caothanh2008  : địt
22:45 Caothanh2008  : oàn anh vs e
22:45 Caothanh2008  : :)))
22:45 Mushokujup    : t noi r
22:45 Mushokujup    : m deo nho
22:45 Caothanh2008  : ok
22:45 Caothanh2008  : anh van la anh cua e
22:45 Caothanh2008  : :)))
22:46 Mushokujup    : =)))
22:46 Mushokujup    : hai cai nha nay cua hieu het=))
22:47 kemhehe       : cho o ke
22:47 Mushokujup    : lay cai nao
22:47 Mushokujup    : cho luon=)
22:47 Mushokujup    : ra day
22:47 Mushokujup    : dung day
22:48 Mushokujup    : bam lenh /claim
22:48 Mushokujup    : bam di
22:48 Mushokujup    : "/claim"
22:48 Mushokujup    : de nhan dat
22:48 Mushokujup    : r bam xeng xuong dat
22:51 Mushokujup    : ke m
22:53 Mushokujup    : ?
23:26 F4R1K0        :  placed a sign @ world: x152, z-942
  D
23:30 xoaii         : mn đi đánh rồng ch
23:34 F4R1K0 placed suspicious WATER_BUCKET @ world: x122, z-956
23:35 F4R1K0        :  placed a sign @ world: x162, z-953
  Kho
23:39 xoaii placed suspicious WATER_BUCKET @ world: x145, z-941
23:41 xoaii         : a khôi
23:41 xoaii         : đi đánh rồng:)))
23:46 xoaii         : nhà e có dân làng ne
23:57 xoaii         : lật đổ mạnh mèo
23:57 xoaii placed suspicious WATER_BUCKET @ world: x119, z-888
23:57 xoaii placed suspicious WATER_BUCKET @ world: x106, z-892
