11:24 khoi1309 placed suspicious WATER_BUCKET @ world: x126, z-928
11:24 khoi1309 placed suspicious WATER_BUCKET @ world: x126, z-928
11:24 khoi1309 placed suspicious WATER_BUCKET @ world: x126, z-928
14:00 khoi1309      : meo meo à
14:04 khoi1309      : cho xin tên discord dc ko bạn
14:04 Mushokujup    : meo meo dang buon
14:26 Mushokujup placed suspicious WATER_BUCKET @ world: x499, z196
14:26 Mushokujup placed suspicious LAVA_BUCKET @ world: x498, z197
14:26 Mushokujup placed suspicious LAVA_BUCKET @ world: x498, z197
14:26 Mushokujup placed suspicious LAVA_BUCKET @ world: x501, z197
14:26 Mushokujup placed suspicious WATER_BUCKET @ world: x500, z195
14:26 Mushokujup placed suspicious WATER_BUCKET @ world: x501, z196
14:26 Mushokujup placed suspicious WATER_BUCKET @ world: x500, z196
14:26 Mushokujup placed suspicious LAVA_BUCKET @ world: x501, z197
14:26 Mushokujup placed suspicious LAVA_BUCKET @ world: x499, z197
14:26 Mushokujup placed suspicious LAVA_BUCKET @ world: x500, z197
14:27 khoi1309      : what
14:28 khoi1309      : whatt
14:29 khoi1309      : what :)
19:40 khoi1309  : tutu
19:41 khoi1309  : lậy ông đi qua
19:42 khoi1309  : lậy bà đi lại
19:42 khoi1309  : cho con xin ít đồ
19:44 khoi1309  : what
19:44 khoi1309  : đánh vào không khí có tiếng động :))
19:45 khoi1309  : ,,
20:10 MinerwolfybtVn: 123654
20:10 MinerwolfybtVn: dung01022009
20:11 MinerwolfybtVn: Dung@2009
20:11 MinerwolfybtVn: Dung01022009
20:12 khoi1309      : khoi2012
20:12 khoi1309      : khoi2012khoi
20:13 khoi1309      : khoi1902
20:16 khoi1309  : khoi2012DZ
20:16 khoi1309  : Khoi2012
20:20 khoi1309  : khoi2012DZ
20:20 khoi1309  : title
20:26 khoi1309  : đó đúng rồi đó
20:26 khoi1309  : bỏ cái đó đi
20:26 MinerwolfybtVn: r do
20:26 MinerwolfybtVn: dc ch
20:26 khoi1309      : đêý ngon ngay :00
20:26 khoi1309      : :))
20:27 khoi1309      : làm cho em rank ăn xin
20:27 khoi1309      : MinerwolfybtVn
20:27 MinerwolfybtVn: k
20:27 khoi1309      : bán rank làm ko :)
20:28 MinerwolfybtVn: k
20:28 khoi1309      : ,,
20:29 khoi1309      : :))
20:49 Caothanh2008: j
20:49 Caothanh2008: sao'
20:49 khoi1309    : lay ko
20:49 khoi1309    : :))
20:50 Caothanh2008: :)))
20:52 Caothanh2008: sao
20:52 khoi1309    : what
20:52 khoi1309    : :)
20:52 khoi1309    : tui claim ko đánh dc đâu
20:52 khoi1309    : what
21:56 xoaii       : a manh ei
21:56 xoaii       : a co lông cừu kh
21:58 xoaii       : chua a
21:59 xoaii       : con` cái cối xây gió
21:59 xoaii       : với cái lồng đèn
21:59 xoaii       : cai nay` ne
22:00 xoaii       : r a:))
22:00 xoaii       : qua de
22:00 xoaii       : thieu a cai:v
22:01 xoaii placed suspicious WATER_BUCKET @ world: x97, z-903
22:01 xoaii       : ay da het sat :))
22:02 xoaii       : roài giờ e xây cối xây gió:))
22:02 xoaii       : e đi tìm lông cừu cái đã:v
22:02 xoaii       : chắc tầm 25 cái :vv
22:03 xoaii       : thôi e giết lấy thịt:))
22:04 xoaii placed suspicious WATER_BUCKET @ world: x115, z-847
22:04 xoaii placed suspicious WATER_BUCKET @ world: x115, z-847
22:05 xoaii       : đồng bằng đi tí là tới:vv
22:07 Caothanh2008: chs
22:08 Caothanh2008: qua choi ti
22:10 xoaii       : ch a:vv
22:10 Caothanh2008: mn dang lam j day
22:11 xoaii       : đợi e tẹo
22:11 xoaii       : e đang
22:11 xoaii       : hái hoa
22:11 Caothanh2008: vc
22:12 Caothanh2008: tim j the a
22:12 Caothanh2008: lm j
22:12 xoaii       : a về nhà đi:vv
22:12 xoaii       : e kiếm cũng đủ r ấy
22:13 xoaii       : chua a:vv
22:13 xoaii       : r a
22:14 Caothanh2008: anh manh
22:14 Caothanh2008: an nut G xem
22:14 Caothanh2008: a ko
22:14 Caothanh2008: nut H
22:14 Caothanh2008: nham
22:14 xoaii       : sethome r home tiếp hả a
22:15 xoaii       : home set to currrent location
22:15 Manhtato    : ./homes home
22:15 xoaii       : r a:))
22:15 Caothanh2008: anh manh
22:15 Caothanh2008: anh an thu nut H ik
22:15 Caothanh2008: sao e an em ve nha v
22:15 Caothanh2008: nhi nne
22:18 Caothanh2008: e ch ochi nay
22:18 xoaii       : ha
22:19 Caothanh2008: doi e ti
22:20 Caothanh2008: doi ti
22:21 xoaii       : :))
22:21 Caothanh2008: chị lấy j lấy ik
22:21 Caothanh2008: tra e cai ruong
22:21 xoaii       : lời nguyền
22:21 xoaii       : biến mất là gì thế
22:21 Caothanh2008: ko ảnh hưởng đâu
22:21 xoaii       : đợi xoài tí:))
22:21 xoaii       : xoài chọn kĩ lắm
22:22 Caothanh2008: chi cu lay ik
22:22 xoaii       : cai giap nay
22:22 xoaii       : mặc là kẹt vĩnh viến luôn hả:))
22:22 Caothanh2008: mac vao la kho thao ra dc
22:23 Caothanh2008: chi cai micm game chx
22:23 xoaii       : chua
22:23 xoaii       : xiu nua cai`
22:24 xoaii       : sửa chữa là tự sửa giáp hả:v
22:24 Caothanh2008: là chị giết quái có kinh nghiêmuj la nó tự hồi độ bền
22:24 xoaii       : :oo
22:24 Caothanh2008: e cho chị đồ hốc nè
22:24 xoaii       : chac duoc r:vv
22:25 Caothanh2008: chi doi e ti
22:25 xoaii       : oce
22:25 Caothanh2008: em lam bo gia cho
22:26 Caothanh2008: chi co lapiz k
22:26 Caothanh2008: alo
22:26 xoaii       : :v
22:26 Caothanh2008: chi co lapiz k
22:26 xoaii       : co lapiz
22:26 Caothanh2008: cho e 1 it\
22:26 xoaii       : :))
22:27 Caothanh2008: chi
22:27 xoaii       : :0
22:27 Caothanh2008: dùng tạm ha
22:28 xoaii       : xoai` cam on nha:))
22:28 xoaii       : bộ này đủ dùng roài
22:28 Caothanh2008: cho chij ne
22:28 xoaii       : cây này
22:28 xoaii       : mạnh
22:28 Caothanh2008: :))
22:28 Caothanh2008: chi k8 dk
22:28 xoaii       : ye
22:29 Caothanh2008: ờ
22:29 Caothanh2008: e cung the
22:29 Caothanh2008: :)))
22:29 xoaii       : :))
22:30 Caothanh2008: e
22:30 Caothanh2008: chi o dau the
22:30 xoaii       : xoai` o DN
22:30 xoaii       : :v
22:30 Caothanh2008: đồng nai á hả
22:31 Caothanh2008: chi
22:31 Caothanh2008: dong noi ha
22:31 Caothanh2008: nai
22:31 xoaii       : đà nẵng á:))
22:31 Caothanh2008: :))
22:31 Caothanh2008: xa v
22:31 Caothanh2008: chi DN em ND
22:31 Caothanh2008: :))
22:32 Caothanh2008: chị vừa xây vừa xem yt à
22:32 Caothanh2008: sao xây lâu v
22:32 xoaii       : dr vừa xây vừa xeM:v
22:32 Caothanh2008: nha nay ma xay lau the a
22:32 xoaii       : lần đầu tự xây sắp xong ngôi nhà:vv
22:33 Caothanh2008: thôi thì bé bé
22:33 xoaii       : :)))
22:33 Caothanh2008: cũng xinh
22:33 Caothanh2008: nhungw ko bằng chị
22:33 Caothanh2008: :P)))
22:33 xoaii       : :))) lại trêu
22:34 Caothanh2008: chi co fb ko
22:34 xoaii       : xoai` co ma kh xai` fb nhieu:v
22:34 Caothanh2008: :00
22:35 xoaii       : tại toàn đi học:))
22:35 xoaii       : nên cả ngày cũng k có ai nhắn nên cũng k xài luôn
22:35 xoaii       : với nhát:vv
22:35 Caothanh2008: lâu ki hả :))
22:35 xoaii       : dr:))
22:35 xoaii       : siêu sống ẩn
22:35 Caothanh2008: mà lớp11r ko có nhóm lớp mes hả chị
22:37 Caothanh2008: chi co choi val ha
22:37 xoaii       : dr do:v
22:37 Caothanh2008: rank j v
22:37 xoaii       : bac....
22:38 Caothanh2008: kinh v
22:38 xoaii       : bu win:))
22:39 Caothanh2008: e di ngu nhe
22:39 xoaii       : oce
22:39 xoaii       : ngu ngon he
22:39 Caothanh2008: oce chi
22:53 xoaii placed suspicious WATER_BUCKET @ world: x117, z-895
