11:52 Caothanh2008  : e
17:58 MinerwolfybtVn: nem da giau tay
18:01 MinerwolfybtVn: này thì yêu
18:03 MinerwolfybtVn: di an com dayy
18:04 MinerwolfybtVn: mỗi con 1 chuồng
18:04 MinerwolfybtVn: cô đơn nhỉ
18:06 MinerwolfybtVn: cho krost qua nha chi o
18:07 MinerwolfybtVn: đâu rồi
18:12 MinerwolfybtVn: thoi di an com
18:12 MinerwolfybtVn: ti lay tiep
21:45 Caothanh2008  : oan cai loz
21:45 khoi1309      : :))
21:45 khoi1309      : rất lúng
21:47 khoi1309      : :)
21:59 khoi1309      : gi
22:01 Caothanh2008  : say
22:02 khoi1309      : :))
22:02 khoi1309      : ngon ko :)
22:02 Caothanh2008  : bu
22:03 khoi1309      : cần kính ko
22:04 Caothanh2008  : e
22:04 khoi1309      : :)
22:04 Caothanh2008  : bu
22:04 khoi1309      : làm máy farm mía đi
22:04 Caothanh2008  : ma phao hoa 1
22:04 Caothanh2008  : phen vai
22:04 khoi1309      : thich doi hoi a
22:04 Caothanh2008  : farm a
22:05 khoi1309      : uk
22:05 khoi1309      : farm mía
22:05 Caothanh2008  : m lam t xin it máy theo dõi vs bitong ik
22:05 Caothanh2008  : :)0
22:05 khoi1309      : ko thiếu chờ tí :))
22:05 Caothanh2008  : ke
22:05 Caothanh2008  : máy theo dõi làm ít thôi
22:05 Caothanh2008  : vs lại bộ lặp nx nhé
22:06 khoi1309      : bộ lặp làm ik
22:06 Caothanh2008  : ko can cung dc
22:06 khoi1309      : :)
22:06 Caothanh2008  : mia dau
22:06 Caothanh2008  : :))
22:06 khoi1309      : mới chôm dc từ cái nhà bên kia :))
22:06 khoi1309      : mía á chờ
22:07 khoi1309      : claim khu to to xong xây
22:09 Caothanh2008  : khoi
22:09 Caothanh2008  : thoi de ti t claim
22:10 Caothanh2008  : doi em ti
