08:05 xoaii placed suspicious WATER_BUCKET @ world: x-603, z-1988
09:37 xoaii placed suspicious WATER_BUCKET @ world: x-2760, z-1502
09:37 xoaii placed suspicious WATER_BUCKET @ world: x-2762, z-1503
09:37 xoaii placed suspicious WATER_BUCKET @ world: x-2793, z-1513
09:39 xoaii placed suspicious WATER_BUCKET @ world: x-2964, z-1503
09:44 xoaii         : hoa tulip ha a
09:44 xoaii         : de e xem thu:v
09:46 xoaii         : cuu e:vv
09:46 xoaii         : gio sao e bat con meo` :vv
09:46 Mushokujup placed suspicious WATER_BUCKET @ world: x450, z-897
09:47 xoaii         : nó thuần e r:vv
09:47 xoaii         : bế sao đây a:vv
09:47 xoaii         : a` duoc r nay:vv
09:47 xoaii         : o:))
09:47 xoaii         : mat con meo` luon
09:48 xoaii         : k duoc a :vv
09:48 xoaii         : xa lắm a ạ:))
09:48 Mushokujup placed suspicious WATER_BUCKET @ world: x476, z-884
09:49 xoaii         : hieu sang day choi
09:51 xoaii         : cần gỗ kh
09:51 xoaii         : xoài cho
09:51 xoaii         : xoài đủ loại gỗ:))
09:51 xoaii         : gỗ xưa thì kh có
09:51 xoaii         : :))
09:52 xoaii         : xây bên này nè
09:53 xoaii         : để đào đất
09:53 xoaii         : đào móng đi r xây:))
09:53 xoaii         : xây sao thích hợp đủ rộng ngôi nhà là được:vv
09:54 xoaii         : xem đi r xoài phụ cho:vv
09:55 xoaii         : ok a:vv
09:57 xoaii         : chua a:v
09:57 xoaii         : thôi set đất làm gì:)))
09:58 xoaii         : gần tí cho nó tình cảm a
09:58 xoaii         : để e làm cái bảng
09:59 xoaii         : a có lấy hoa kh
09:59 xoaii         : e kh có hoa tulip
09:59 xoaii         : mà nhiều hoa khác nhau:))
10:00 xoaii         : chắc hồi e xây cái shop hoa:))
10:01 Caothanh2008  : dell
10:02 Caothanh2008  : uk
10:02 Mushokujup    : =))
10:02 Caothanh2008  : ko
10:02 Caothanh2008  : ranh
10:02 Caothanh2008  : no ma la chuong cua e thi e lam
10:03 Caothanh2008  : nhung em cho anh nguyen lieu r con j
10:03 Caothanh2008  : lay thach anh k
10:03 Caothanh2008  : thach anh dep hon
10:03 Caothanh2008  : xuong hang tuoi tot dao
10:04 Caothanh2008  : ko can
10:04 Caothanh2008  : tp e
10:04 xoaii         : e mới nạp tiền:))
10:04 Caothanh2008  : dell dao dc
10:05 xoaii         :  placed a sign @ world: x132, z-897
  w
10:05 Caothanh2008  : anh dao di nay
10:05 Caothanh2008  : lam dat set trang ik
10:05 Caothanh2008  : dất sét trắng
10:06 xoaii         : a mạnh
10:06 xoaii         : a có sách
10:06 xoaii         : sữa chửa kh:vv
10:08 xoaii         : nhớ lắp thêm chỗ đất cần đặt nha:v
10:08 xoaii         : kiểu xây rộng thêm đất ấy
10:11 xoaii         : sethome homes
10:11 xoaii         : sethome
10:12 Caothanh2008  : nha em moi chat
10:12 Caothanh2008  : :))
10:12 Caothanh2008  : cai j day
10:12 Caothanh2008  : sao lai qua dat nha em
10:12 xoaii         : sửa cúp kc kiểu gì thế a:v
10:13 xoaii         : tí e đi phiêu lưu tìm sách:))
10:14 Caothanh2008  : sach j
10:14 xoaii         : sửa chữa
10:14 Caothanh2008  : theo e
10:14 xoaii         : nó có cộng hưởng kh:vv
10:14 Caothanh2008  : k
10:14 xoaii         : ép được 2 cúp enchant cùng 1 lúc kh:)))
10:15 xoaii         : còn 1caay cúp xịn mà kh dám xài
10:15 Caothanh2008  : dc
10:15 Caothanh2008  : anh hieu
10:15 Caothanh2008  : vao phat
10:15 Caothanh2008  : full do ne
10:15 xoaii         : nảy a mạnh bảo e xây gì thế:vv
10:15 xoaii         : anh muốn xây cầu bắt qua như nào:))
10:15 Caothanh2008  : :))
10:15 Caothanh2008  : em giàu
10:15 Caothanh2008  : :)))
10:16 Caothanh2008  : de anh cho em them ti di anh manh
10:16 Caothanh2008  : co
10:16 Caothanh2008  : em du dat claim moi cai nha
10:18 Caothanh2008  : cho anh hieu xem cai nay
10:19 Caothanh2008  : nhin e
10:20 Caothanh2008  : dung yen
10:20 xoaii         : cho xoai muon cai đe
10:21 xoaii         : ua lam sao
10:21 xoaii         : de ep 2 cup:v
10:21 Caothanh2008  : dat 2 cai cup vao la dc
10:21 Caothanh2008  : nhung phai cung 1 loai
10:21 xoaii         : ep dum` xoai` :vv
10:21 xoaii         : bay cái mềm mại luôn r:))
10:21 Caothanh2008  : thi
10:22 Caothanh2008  : gia tài thì chỉ gia tài
10:22 Caothanh2008  : meemf mại thì chỉ mềm mại thôi
10:22 xoaii         : :oo
10:22 Caothanh2008  : 2 cái đây ko dùng đc chung
10:22 xoaii         : mềm mại thấy đào nhanh
10:22 Caothanh2008  : :)))
10:24 xoaii         : e xây cầu chỗ chuồng con cá nha:vv
10:26 xoaii         : như của xoài ấy:))
10:26 xoaii         : cầu để e xây cho:vv
10:26 Caothanh2008  : anh can cai j cu alo e nhe
10:26 Caothanh2008  : em giau nhat cai lang nay
10:26 xoaii         : là phải đào thêm
10:26 Caothanh2008  : :)))
10:27 Caothanh2008  : anh hieu chx cai mic game a
10:29 xoaii         : con`:vv
10:29 Caothanh2008  : hoi sinh kieu j
10:30 xoaii         : đủ chưa:vv
10:30 xoaii         : gỗ vân sam hả
10:30 xoaii         : nè
10:30 xoaii         : tí đi đào cây với xoài
10:30 xoaii         : :))
10:30 xoaii         : nhà e chill nhất
10:30 Caothanh2008  : bao anh dung dap cai vbbe kinh ik
10:30 xoaii         : đậm chất phương tây
10:31 xoaii         : hiếu có cần cây sồi kh
10:31 Caothanh2008  : e di an com
10:31 xoaii         : nhiều kh;vv
10:31 xoaii         : thế để xoài đi đào 2 stack nhá
10:33 xoaii placed suspicious WATER_BUCKET @ world: x142, z-742
10:34 xoaii         : có cần gỗ bạch dương kh
10:36 xoaii         : xoài tiều phu
10:37 xoaii         : :)))
10:37 xoaii         : đủ chưa
10:37 xoaii         : chắc dư luôn
10:37 xoaii         : e cài mod á
10:37 xoaii         : falling tree
10:38 xoaii         : a đào thử e xem:vv
10:38 xoaii         : ô:))
10:38 xoaii         : thế nảy e cài mod làm gì nhể:vv
10:38 xoaii         : e có mini map r:vv
10:39 xoaii         : để nào về nhà e cài
10:39 xoaii         : chứ cài máy net nó k lưu
10:39 xoaii         : e định
10:39 xoaii         : xây 2 cái cầu
10:39 xoaii         : cầu từ cái chỗ
10:39 xoaii         : a đứng
10:40 xoaii         : 1 là chéo
10:40 xoaii         : 2 là chỗ hiếu
10:40 xoaii         : thế cầu chéo nhá
10:40 xoaii         : a tìm tí cái lá của con ếch dùm e:)))
10:40 xoaii         : lá mà như lá sen ấy:vv
10:40 xoaii         : dr a
10:41 xoaii         : ay da:))) ske có cung sm 2
10:41 xoaii         : dạng thế a ạ:vv
10:41 xoaii         : mà nó ở chỗ
10:41 xoaii         : đầm lầy cơ
10:41 xoaii         : ít quá:))
10:41 xoaii         : trang trí cây cầu cho đẹp:v
10:41 xoaii         : a đưa tí e đặt cho:Vv
10:42 xoaii         : là gì a:vv
10:42 xoaii         : e chả biết:))
10:43 xoaii         : cua e la
10:43 xoaii         : 1076 block
10:43 xoaii         : tí được r a:))
10:43 xoaii         : có 1 mình e ở:vv
10:44 Caothanh2008  : deo cai canh vao bay cho nhanh a
10:44 Caothanh2008  : cánh
10:44 Caothanh2008  : cánh em cho anh á
10:44 xoaii         : ok a:v
10:45 xoaii         : sau này e xây thêm cái nhà kho nx
10:45 xoaii         : chưa:)))
10:45 Caothanh2008  : manh
10:45 Caothanh2008  : cho em claim them dat ik
10:45 Caothanh2008  : cai cong cua e
10:45 Caothanh2008  : em xay ma
10:45 Caothanh2008  : :))
10:45 Caothanh2008  : ko btr
10:46 Caothanh2008  : thu la bt
10:46 Caothanh2008  : xeng
10:46 Caothanh2008  : ko dc
10:46 Caothanh2008  : phai co xeng
10:46 xoaii         : mưa r:))
10:47 xoaii         : chill
10:47 Caothanh2008  : r sao
10:47 Caothanh2008  : claim r
10:47 Caothanh2008  : sao nx anh
10:50 xoaii         : shader cua e chill qua a manh:v
10:50 xoaii         : nay e cài shader khác r k phải sildul nữa:))
10:51 xoaii         : chưa:))
10:52 xoaii         : e phải xây sao cho nó phương tây
10:52 xoaii         : kiểu như mấy bộ RPG ấy:vv
10:52 xoaii         : đánh uỷ thác
10:52 xoaii         : hiếu xây kh:))
10:52 xoaii         : cối xây gió
10:54 xoaii         : a thấy ổn ch:v
10:54 xoaii         : thấy
10:55 xoaii         : à rơm á hả
10:55 xoaii         : hình như e còn
10:55 xoaii         : đợi tí:))
10:55 xoaii         : cần gỗ gi
10:55 xoaii         : a thấy chill k:))
10:56 xoaii         : :))
10:56 xoaii         : đc phết
10:56 xoaii         : mà
10:56 xoaii         : a đi the end ch
10:56 xoaii         : e đi lấy cánh:vv
10:57 xoaii         : mà e đi lấy gỗ cái đã:))
10:57 xoaii         : a mạnh
10:58 xoaii         : tí a check nhà e thử
10:58 xoaii         : xem có mở được cái gì nữa k:v
10:58 xoaii         : ô vc:))
10:58 xoaii         : đào lá đc táo vàng
11:00 xoaii         : gỗ nè
11:01 xoaii         : thấy nhà a mạnh bé nhất làng:))
11:02 xoaii         : có cần kính kh
11:09 xoaii         : giờ xoài xây cầu này
11:10 xoaii         : :)))
11:10 xoaii         : làm gì a
11:10 xoaii         : nhà e đẹp mà cần gì sáng:))
11:11 xoaii         : đậm chất phương tây
11:11 xoaii         : ây từ từ:vv
11:12 xoaii         : xoài đang tính để xây chéo
11:12 xoaii         : chứ nhìn vid toàn xây thẳng
11:13 xoaii         : 2 màu gỗ cho đẹp:))
11:22 xoaii         : co:v
11:29 xoaii         : dr:))
11:29 xoaii         : tí xoài xây cái thuyền nữa
11:29 xoaii         : đỗ bến thuyền
11:30 xoaii         : ha
11:30 xoaii         : ô\
11:30 xoaii         : sao a đập:))
11:31 xoaii         : mà chừa chỗ cho e xây ruộng nhá:v
11:33 xoaii         : a có hạt giống k:v
11:37 xoaii         : họp làng nhà xoài
11:38 xoaii         : dũng e hiếu thanh a mèo
11:38 xoaii         : cỡ 5 6 ng
11:38 xoaii         : đủ a
11:39 xoaii         : e cbi về nhá:vv
11:39 xoaii         : đâu e k thích:))
11:41 xoaii         : 3 đêm
11:42 xoaii         : uầy chỗ này 10 chỗ
11:42 xoaii         : :)) vô tư họp nhá
11:42 xoaii         : e là chủ
16:20 khoi1309      : hi
16:21 xoaii         : :))
16:23 xoaii         : :)))
16:23 xoaii         : het hon
16:24 xoaii placed suspicious WATER_BUCKET @ world: x132, z-879
16:25 xoaii         : :))
16:25 xoaii         : o dau ra cai set do z
16:25 khoi1309      : đồ da
16:26 xoaii         : van nghe ma
16:26 xoaii         : xiu nua moi cay`:V
16:26 xoaii         : do nether:))
16:31 xoaii placed suspicious WATER_BUCKET @ world: x135, z-886
16:31 xoaii         : :)))
16:31 xoaii placed suspicious WATER_BUCKET @ world: x112, z-882
16:35 khoi1309      : shit
16:35 khoi1309      : :)))
16:37 khoi1309      : có nên hok :))
16:40 khoi1309      : oi
16:40 khoi1309      : oi oi oi
16:40 khoi1309      : bakaaaaaa
16:41 khoi1309      : oi oi oi oi oi oi oi oi
16:51 xoaii         : xoai off nha
16:51 xoaii         : bai
20:03 Caothanh2008  : manh
20:33 Caothanh2008  : 5
20:33 Caothanh2008  : em vua chay xuong tu nha anh dung
20:33 Caothanh2008  : con 1 it dao nhanh
20:34 Caothanh2008  : de lm j
20:36 Caothanh2008  : ko
20:36 Caothanh2008  : :)))
20:40 Caothanh2008  : manh
20:40 Caothanh2008  : ra dao
20:40 Caothanh2008  : nhanh
20:42 Caothanh2008  : dao xong roi khoi xuong
20:42 Caothanh2008  : chon vc cai loz
20:42 Caothanh2008  : ak
20:42 Caothanh2008  : xuong ma cam duoc ik
20:45 Caothanh2008  : lam tinh
20:45 Caothanh2008  : anh manh lam be the
20:45 Caothanh2008  : lam to ra
20:46 Caothanh2008  : day
20:46 Caothanh2008  : em cho
20:48 Caothanh2008  : di qua choi thoi
20:50 Caothanh2008  : tren dau
20:52 khoi1309      : x-ray
20:52 Caothanh2008  : fullbright
20:52 Caothanh2008  : kim cuong lộ thiên mà
20:52 Caothanh2008  : kiem cuong lo thien nha anh manh
20:52 Caothanh2008  : ko co xray nha
20:52 khoi1309      : , /tpa emmm
20:53 Caothanh2008  : danh nham ng
20:53 Caothanh2008  : tren dau
20:54 Caothanh2008  : xray a
20:54 Caothanh2008  : t thay may chi
20:55 Caothanh2008  : chest em dau
20:57 krostedjulie  : 1
20:57 khoi1309      : ,/gm 1
20:58 khoi1309      : , /gm 0
20:58 krostedjulie  : gm 0
21:34 khoi1309      : bán em kiếm của anh bằng 1 shulker box block kc :))
21:37 xoaii         : chao xìn
21:38 xoaii         : alo quỷ già
21:38 xoaii         : họp làng thoai
21:39 xoaii         : @manh meo @krostxinhiu @....
21:39 xoaii         : kh có đồ đâu a:)))
21:39 xoaii         : mò cái gì mà mò:)))
21:40 xoaii         : mà a biết bật fps mượt kh:vv
21:41 xoaii         : nhà a mạnh bé thế:vv
21:41 xoaii         : bé thế này sao mà cho con cháu nó chơi được a
21:42 xoaii         : tí a chỉ e claim với:vv
21:42 xoaii         : e quên cách dùng r
21:43 xoaii         : :))
21:43 xoaii         : xoài và những loli trong lồng
21:44 xoaii         : c krost tí đi phiêu lưu với em kh:vv
21:44 Caothanh2008  : rac cua chi karost
21:44 Caothanh2008  : dcm
21:47 Caothanh2008  : khoan
21:47 Caothanh2008  : yeu khoi
21:47 khoi1309      : ?
21:47 khoi1309      : oi oi oi
21:48 xoaii         : gay can
21:48 Caothanh2008  : khoi ra day
21:48 xoaii         : tí ai đi đánh rồng kh:v
21:48 xoaii         : như này đủ r:))
21:48 Caothanh2008  : bvao
21:48 Caothanh2008  : t bao
21:48 Caothanh2008  : qua day
21:49 xoaii         : sang nhà xoài đeeeee
21:49 Caothanh2008  : qua nha em
21:49 Caothanh2008  : t tang may nay
21:49 Caothanh2008  : quay mat ra day khoi
21:50 xoaii         : :)))
21:50 Caothanh2008  : hop thoi
21:50 xoaii         : đáng ra cái ghế đấy e làm là dành cho e đấy a mạnh ạ
21:51 khoi1309      : êm đít :))
21:51 xoaii         : :)) có thảm đâu mà êm
21:51 xoaii         : sao lại đập khúc gỗ r:))
21:52 khoi1309      : bậy
21:52 xoaii         : cái đấy a nói mà
21:52 khoi1309      : em chết miết :)))
21:52 xoaii         : :))))
21:52 khoi1309      : anh nhìn cái đầu em nè :))
21:52 xoaii         : đúng đúng
21:53 khoi1309      : :)
21:53 khoi1309      : 12h đêm :))
21:53 Caothanh2008  : truong lang im lang
21:53 Caothanh2008  : de nghi 9h toi
21:53 khoi1309      : 12h đêmmm
21:53 Caothanh2008  : 9h
21:53 xoaii         : 12h
21:53 xoaii         : 12
21:54 xoaii         : 9h
21:54 xoaii         : e còn đi tắm
21:54 xoaii         : ô anh
21:54 Caothanh2008  : thoi thi goi la co chut qua cho truong lang
21:54 khoi1309      : 8h59m59s dc ko :))
21:54 xoaii         : e con gái hoạt động cả ngày phải đi tắm:)))
21:54 xoaii         : :)))
21:54 khoi1309      : ko
21:54 Caothanh2008  : a==em cio y kien
21:55 Caothanh2008  : em cho anh cai nay
21:55 xoaii         : đừng để chủ nhà phải đứng dậy
21:55 Caothanh2008  : ve nha doc sach hoc them uik nhe chu truong lang ngu qua
21:55 khoi1309      : oker
21:56 xoaii         : e thì vào hơi trễ
21:56 xoaii         : thôi 9h
21:56 xoaii         : :)))
21:56 xoaii         : nóng hổi luôn
21:56 khoi1309      : cây kiếm của anh vài hit con rồng xin tha rồi :)
21:56 khoi1309      : :)
21:56 xoaii         : mai xoài đi lấy cánh để bay
21:56 xoaii         : 9h
21:56 khoi1309      : chôm kìa
21:57 xoaii         : ngồi xuống
21:57 xoaii placed suspicious WATER_BUCKET @ world: x134, z-898
21:57 Caothanh2008  : anh manh nhin em
21:57 xoaii         : sao k phải là bên ngoài mà là nether
21:58 Caothanh2008  : anh de em
21:59 khoi1309      : rồng lửa :))
21:59 khoi1309      : em làm đường đấy mà anh :)))
21:59 Caothanh2008  : ok
22:00 xoaii         : họp xong là ai đi là đi thế à
22:00 xoaii         : chị cài skin chưa:vv
22:00 xoaii         : chị ghi /skin
22:00 khoi1309      : có làm tân gia ko xoài :))
22:00 xoaii         : :))
22:00 xoaii         : đưa phí đây
22:00 khoi1309      : làm đi
22:00 khoi1309      : qua an ke
22:00 xoaii         : hopj xong ai muốn đi là đi v hả
22:01 khoi1309      : uk
22:01 xoaii         : phí 1 viên kc
22:01 xoaii         : trừ c krost:))
22:01 xoaii         : mà chỉ e
22:01 xoaii         : claim
22:01 xoaii         : phí 1 quyển sách sửa chữa
22:01 xoaii         : :)))
22:02 Caothanh2008  : t danh xoai ma may danh t khoi
22:02 Caothanh2008  : ko ngo day
22:02 khoi1309      : tao trả tiền cho mày đêý ko thì tự trả
22:02 xoaii         : hay đi phiêu lưu đi:vv
22:03 MinerwolfybtVn: skin đẹp k
22:03 MinerwolfybtVn: mạnh gửi skin lên chat
22:03 MinerwolfybtVn: em set skin cho
22:03 Caothanh2008  : de em kiem cho
22:03 xoaii         : mà
22:03 xoaii         : đủ r
22:03 xoaii         : hay
22:03 xoaii         : họp lại đi a mạnh
22:03 xoaii         : :)))
22:04 MinerwolfybtVn: em ch nghe
22:04 MinerwolfybtVn: đeoo
22:05 MinerwolfybtVn: mai anh em ta sẽ đi bán mạnh sang campuchia
22:06 MinerwolfybtVn: không
22:06 xoaii         : ko
22:06 MinerwolfybtVn: không
22:06 khoi1309      : cụ thể 715 day
22:06 krostedjulie  : ko
22:06 xoaii         : cho e cái role đê a mạnh
22:06 Caothanh2008  : ma cscd
22:06 Caothanh2008  : cuộc sống cô đơn
22:06 xoaii         : cái role member nhìn xấu quá
22:06 Caothanh2008  : kick
22:06 krostedjulie  : role nay ha
22:06 khoi1309      : :)
22:06 xoaii         : be humble sit down
22:06 MinerwolfybtVn: thử chat đi
22:07 xoaii         : mai mai mai
22:07 khoi1309      : :))
22:07 xoaii         : màu vàng xấu quá
22:07 khoi1309      : ê anh phát cho em nữa
22:07 khoi1309      : phattt
22:07 MinerwolfybtVn: đéo cho đánh
22:07 MinerwolfybtVn: rồng tao nuôi
22:07 khoi1309      : ngu
22:07 Caothanh2008  : cuu
22:08 xoaii         : tí cho e cái mũ
22:08 MinerwolfybtVn: anh em
22:08 MinerwolfybtVn: tao xin tuyên bố
22:08 xoaii         : lật
22:08 xoaii         : đổ
22:08 MinerwolfybtVn: anh nguyễn mạnh mèo đã mất chức trưởng làng
22:09 Caothanh2008  : dung
22:09 xoaii placed suspicious WATER_BUCKET @ world: x135, z-897
22:09 Caothanh2008  : lat do manh meo
22:09 xoaii placed suspicious WATER_BUCKET @ world: x137, z-897
22:09 xoaii placed suspicious WATER_BUCKET @ world: x137, z-898
22:09 xoaii         : thế họp v là xong
22:09 xoaii         : mai đánh rồng
22:09 MinerwolfybtVn: tao là trưởng làng
22:09 MinerwolfybtVn: tao chặn cửa đéo cho đập rồng
22:09 khoi1309      : đánh rồng not "rồng" nhá :)))
22:10 xoaii         : giờ làm gì bây giờ :Vv
22:10 Caothanh2008  : lam ny khoi
22:10 MinerwolfybtVn: dcm
22:10 khoi1309      : ê
22:10 xoaii         : ây từ từ a mạnh
22:10 khoi1309      : thằng thanh bê đê à
22:10 xoaii         : chỉ e claim
22:10 xoaii         : xong e đi câu cá với c krost
22:10 Caothanh2008  : o
22:11 Caothanh2008  : xoaif hoir lamf j
22:11 Caothanh2008  : tbaor lamf ny m
22:12 MinerwolfybtVn: ê krost
22:12 MinerwolfybtVn: bắt cóc
22:12 xoaii         : alo
22:12 xoaii         : giờ e claim sao:vv
22:13 xoaii         : dr để k ai vào nhà kho thó đồ
22:13 xoaii         : ô vàng ở đây
22:14 xoaii         : r a
22:14 xoaii         : day a
22:14 xoaii         : 971
22:15 xoaii         : 2 block
22:15 MinerwolfybtVn: đó
22:15 khoi1309      : em chs robloxxxxx
22:15 MinerwolfybtVn: câu đi
22:16 xoaii         : click phai
22:16 xoaii         : this claim would be too small
22:17 MinerwolfybtVn: ê
22:17 MinerwolfybtVn: ê
22:18 xoaii         : a bật thử:v
22:18 xoaii         : thế ok r a:))
22:18 xoaii         : thay
22:19 MinerwolfybtVn: miner nãy giờ đc nhiều cá lắm á
22:19 xoaii         : như này hả:v
22:19 xoaii         : r a
22:19 xoaii         : 892
22:19 MinerwolfybtVn: xài đi
22:20 xoaii         : dau:v
22:20 MinerwolfybtVn: có cần câu enchant đó
22:20 MinerwolfybtVn: ê krost
22:20 MinerwolfybtVn: khi /fix all
22:22 MinerwolfybtVn: cho nef
22:22 MinerwolfybtVn: pv 4
22:22 xoaii         : quá dễ
22:23 xoaii         : :)))
22:23 xoaii         : e cũng biết tự ái mà...
22:23 xoaii         : homes
22:23 MinerwolfybtVn: cachs xa 2000 block
22:23 MinerwolfybtVn: cho ne
22:24 MinerwolfybtVn: ho giữ z
22:24 MinerwolfybtVn: chị lợn sề hay uống mật ong gừng đó
22:24 MinerwolfybtVn: uống thử đi cho đỡ ho
22:25 xoaii placed suspicious WATER_BUCKET @ world: x1304, z-1902
22:26 xoaii         : đi phưu lưu thoai
22:26 MinerwolfybtVn: ai ợ z
22:26 MinerwolfybtVn: bỉ ổi
22:26 MinerwolfybtVn: đó giờ vẫn v mà
22:27 xoaii         : c krost
22:27 xoaii         : c an thu ca noc di
22:27 MinerwolfybtVn: có
22:27 MinerwolfybtVn: thử đi
22:28 xoaii placed suspicious WATER_BUCKET @ world: x1310, z-1879
22:28 xoaii         : uống sữa đi c krost
22:28 MinerwolfybtVn: xoài ơi
22:28 xoaii         : a mạnh nhân cơ hội c krost
22:28 MinerwolfybtVn: ăn gà sống đi
22:29 xoaii         : nhin` nau`
22:29 xoaii         : nay`
22:31 xoaii         : a đi atlantic ch
22:31 MinerwolfybtVn: r
22:32 xoaii         : mn cồng kềnh thế:vv
22:35 xoaii         : val k a
22:35 Mushokujup    : ==)
22:35 MinerwolfybtVn: hết mẹ thuốc rồi
22:35 MinerwolfybtVn: chạy đi mua thuốc cái
22:37 MinerwolfybtVn: mạnh ơi
22:37 MinerwolfybtVn: tạp hoá đéo bán thuốc
22:37 MinerwolfybtVn: nói đúng hơn là đóng cửa r
22:37 MinerwolfybtVn: thuốc lá
22:37 MinerwolfybtVn: 3 số
22:37 xoaii         : xem em tim` dc gi nay
22:42 MinerwolfybtVn: be oi
22:42 MinerwolfybtVn: anh nho be
22:42 MinerwolfybtVn: be oi no choc que anh
22:42 MinerwolfybtVn: bộ em ở trong là 2 ng k nói đc à=))
22:42 MinerwolfybtVn: chị krost thấy em trong voice nói chuyện đc ko=))
22:42 MinerwolfybtVn: em có chặn họng ko=))
22:43 MinerwolfybtVn: đói
22:43 MinerwolfybtVn: đó
22:43 MinerwolfybtVn: be oi no choc que anh
22:44 MinerwolfybtVn: mắc ỉa
22:44 MinerwolfybtVn: krost đợi đi ỉa phát
22:44 xoaii         : e tim` dc
22:44 xoaii         : ban do kho bau one piece
22:45 xoaii         : 1 manh co that
22:45 MinerwolfybtVn: krost tính thi đẻ với âu cơ không
22:46 MinerwolfybtVn: \ê
22:46 MinerwolfybtVn: krost ơi
22:46 xoaii         : ai qua giup xoai` tim kho bau
22:47 xoaii         : 50 lên núi 50 xuống biển
22:48 MinerwolfybtVn: mạnh k biết đá fi fa
22:48 MinerwolfybtVn: mạnh biết đá phò
22:48 xoaii         : :)))
22:48 xoaii         : có trái tim
22:48 xoaii         : biển cả này
22:48 MinerwolfybtVn: đau r
22:48 MinerwolfybtVn: đâu r krost
22:48 xoaii         : e ee e
22:49 xoaii         : atlantic
22:49 xoaii         : xoai tim dc atlan nay`
22:49 xoaii         : hieu
22:49 xoaii         : qua day
22:49 xoaii         : cuu
22:53 xoaii         : ai cuu xoai voi
22:53 xoaii         : :))
22:56 xoaii placed suspicious WATER_BUCKET @ world: x2230, z-1988
22:59 xoaii         : th c krost sang gần nhà e:))
22:59 xoaii         : vừa an toàn vừa chill
22:59 xoaii         : chỗ anh nhìn ngợp quá
22:59 xoaii         : giờ e bị kẹt ở atlantic r:vv
22:59 xoaii         : phải tìm cách lấy đồ trong đó
23:00 xoaii         : mn nghe nhac kh
23:00 xoaii         : :vv
23:01 Mushokujup    : do biet toi la ai
23:01 Caothanh2008  : hốn liều
23:02 MinerwolfybtVn: say quá
23:02 MinerwolfybtVn: đi ngủ
23:02 MinerwolfybtVn: khôi ngu r
23:03 MinerwolfybtVn: pass đấy
23:04 MinerwolfybtVn: mạnh ơi
23:04 MinerwolfybtVn: em ngủ đây
23:04 MinerwolfybtVn: em say quá
23:04 MinerwolfybtVn: đéo ngồi đc nữa
23:06 xoaii         : alo a manh
23:06 xoaii         : mang hộ e cái cung hay cái gì đấy
23:06 xoaii         : e đi atlan
23:07 Caothanh2008  : anh
23:08 xoaii         : giờ xoài xây thuyền nhá:))
23:10 Mushokujup    : ?
23:10 Caothanh2008  : dap con me khu dat anh dung ik
23:10 Mushokujup    : ma bi nhot r
23:10 xoaii         : :)))
23:11 xoaii         : mn muốn xây thuyền ở đâu:vv
23:12 Mushokujup    : fu ri co
23:12 Mushokujup    : register
23:12 Mushokujup    : mat khau
23:14 Mushokujup    : m deo nho t
23:14 Mushokujup    : toy
23:15 xoaii         : xibidi toilet
23:15 xoaii placed suspicious WATER_BUCKET @ world: x126, z-946
23:15 xoaii placed suspicious WATER_BUCKET @ world: x125, z-936
23:15 xoaii placed suspicious WATER_BUCKET @ world: x122, z-926
23:16 Mushokujup    : cho m
23:16 xoaii         : tối nay nhìn đông đủ nhỉ:))
23:17 Mushokujup    : ?
23:17 Mushokujup    : nem kc cho m m the a
23:17 Mushokujup    : chiu
23:18 Caothanh2008  : a
23:18 Caothanh2008  : sang mai rank k
23:19 Mushokujup    : sang mai t di hoc
23:19 Manhtato      : ./home home
23:19 xoaii         : muốn có kc kh
23:19 xoaii         : mr bích vn
23:19 xoaii placed suspicious WATER_BUCKET @ world: x122, z-938
23:19 xoaii placed suspicious WATER_BUCKET @ world: x123, z-939
23:19 Mushokujup    : yeu dc 2 tuan
23:19 Caothanh2008  : e moi la mr beat
23:19 Mushokujup    : thi cha ngu
23:20 xoaii         : mr beast
23:20 xoaii         : gohan beast
23:20 xoaii         : chuyện là xoài sắp mua mic
23:20 xoaii placed suspicious WATER_BUCKET @ world: x118, z-939
23:20 xoaii         : mua mic chửi mạnh mèo
23:20 xoaii         : a đã dành ghế của e
23:21 xoaii         : :)))
23:21 xoaii         : xa dữ
23:21 xoaii         : gần chỗ nảy mình câu cá đó c
23:22 Caothanh2008  : nao
23:22 Caothanh2008  : dang lam mr beast
23:22 xoaii         : ae vào nhà xoài ngồi nch:))
23:22 Mushokujup    : e
23:23 Mushokujup    : "/backl
23:23 Mushokujup    : back
23:24 Caothanh2008  : cho mr beast tp
23:24 Mushokujup    : m xem lai tui do m ch
23:25 Mushokujup    : xem stram
23:25 Mushokujup    : stream
23:25 xoaii         : sao lại bỏ quần áo
23:25 xoaii         : giáp mà a
23:25 Mushokujup    : t d con gi ca
23:25 xoaii         : :)))
23:26 Mushokujup    : t con ch giet m
23:26 Mushokujup    : ?
23:26 Mushokujup    : nem xuong song
23:26 Mushokujup    : thua
23:26 Mushokujup    : the ma bao t bat net
23:26 Mushokujup    : nat
23:27 Mushokujup    : t chuyen 200k r
23:28 Caothanh2008  : doi
23:28 xoaii         : gớm chưa
23:29 xoaii placed suspicious WATER_BUCKET @ world: x143, z-914
23:30 Mushokujup    : ai cug co doi co cap
23:30 xoaii         : chị ném cây đinh ba là nó bay về
23:30 Mushokujup    : minh t co balo
23:30 Caothanh2008  : day la nha beat
23:30 xoaii         : a mạnh
23:30 xoaii         : hay a để c krost ép cái lòng trung thành vào ng anh
23:30 xoaii placed suspicious WATER_BUCKET @ world: x73, z-889
23:30 Caothanh2008  : khu đất này là nhà beat
23:31 Caothanh2008  : cái cổng kia là anh beat xây
23:31 xoaii         : ơ sao a khôi xây ở đây
23:31 Caothanh2008  : bộ đồ hiếu dùng là của beat cho mà
23:32 xoaii         : thấy nhà a khôi xa quá:))
23:32 xoaii         : a định xây nhà dưới lòng đất hả:vv
23:32 F4R1K0        : #latdomanhmeo
23:33 xoaii         : c krost oi
23:33 xoaii         : c có sách trung thành hả:))
23:33 xoaii         : ép cái cuốn đó vào a mạnh đi c
23:33 xoaii         : :)))
23:33 Mushokujup    : thue nha k
23:33 Mushokujup    : 10kc
23:33 Caothanh2008  : qua đay mr beat cho o chung nha
23:33 xoaii         : a mạnh còn trừ lương xoài
23:34 Mushokujup    : hieu dang tren dau ca rot ma
23:34 xoaii         : phuba
23:34 Caothanh2008  : san phang ik
23:34 Caothanh2008  : mr beat cho
23:34 Caothanh2008  : doi beat ti
23:34 Caothanh2008  : di encahnt cai
23:35 Caothanh2008  : xin it lapiz nao
23:35 Caothanh2008  : 1 stack lapiz
23:35 xoaii         : quy hoạch càng rộng càng tốt
23:35 Mushokujup    : ca rot
23:36 xoaii         : dau
23:36 Mushokujup    : manh danh em chet r
23:36 xoaii         : a mạnh cho e mượn xẻng
23:37 Mushokujup    : e kco xeng
23:37 Mushokujup    : kco cup luon=))
23:38 Mushokujup    : cho e xeng
23:38 xoaii         : a mạnh nhìn v
23:38 xoaii         : mà đối xử quá
23:38 xoaii         : trước e xây nhà thì 3 ae đứng nhìn
23:38 xoaii         : :))
23:38 xoaii         : giờ ng mới vào cái phụ
23:38 Caothanh2008  : mr beat ve r
23:38 Caothanh2008  : anh chinh dau
23:38 Caothanh2008  : mr beat day
23:39 Mushokujup    : cho em cup cho em xeng
23:39 Mushokujup    : e kco cgi ca
23:39 Caothanh2008  : don cai cuc cut nay nhanh
23:40 Caothanh2008  : mai cho lam sugar baby
23:40 Mushokujup    : manh dua xeng day
23:40 Caothanh2008  : thưởng nè
23:40 Caothanh2008  : quý lắm mới cho nhé
23:40 Caothanh2008  : qua đây
23:41 xoaii         : cho xoai voi
23:41 Caothanh2008  : Beat giàu beat có quyền
23:42 xoaii         : ng k có bồ nhìn khó chịu vô cùng
23:42 Mushokujup    : chieu mai kph tu hoc
23:42 Mushokujup    : mai kco tiet tin
23:42 Mushokujup    : k
23:42 Mushokujup    : anh voi hoa
23:43 Mushokujup    : Anh cua Duong
23:43 Mushokujup    : Ly cua Mui
23:43 Mushokujup    : chinh bi bo ha
23:44 Mushokujup    : manh bat nat
23:44 Caothanh2008  : nha cua anh beat bat tu
23:45 Mushokujup    : kco cup thi minh dung tay
23:45 xoaii         : hiến tế nè
23:46 xoaii placed suspicious WATER_BUCKET @ world: x136, z-934
23:46 xoaii         : :))
23:47 Caothanh2008  : chi xoai dung co dat block linh tinh
23:48 Caothanh2008  : pha ik
23:48 Caothanh2008  : nhap lenh ik
23:48 Caothanh2008  : sit
23:48 xoaii         : gamemode 1
23:49 xoaii         : a mạnh tool
23:49 Mushokujup    : toi bi bat nat
23:50 xoaii         : sếp đứng nhìn các nô lệ làm việc
23:51 Caothanh2008  : co ti vat chat vao thi moi lam truong lang dc
23:51 xoaii         : gio lam sao de kich hoat nội tại sữa chửa
23:51 xoaii         : sửa chữa
23:51 xoaii         : :))
23:53 xoaii         : a ngủ với con khác
23:53 xoaii         : e bảo thế a mạnh đừng trừ lương e
23:54 xoaii         : a khôi
23:54 xoaii         : a với e lật đổ mạnh đi
23:54 F4R1K0        : hay
23:55 xoaii placed suspicious WATER_BUCKET @ world: x151, z-903
23:56 xoaii         : c krost bao nuoi xoai` r
23:56 Caothanh2008  : beat giau
23:56 Caothanh2008  : lam ik
23:57 Caothanh2008  : beat cho tien
