00:23 F4R1K0 placed suspicious WATER_BUCKET @ world: x146, z-938
00:26 F4R1K0 placed suspicious WATER_BUCKET @ world: x145, z-934
00:33 xoaii         : ô
00:34 F4R1K0        : ./home home
00:35 F4R1K0 placed suspicious AXOLOTL_BUCKET @ world: x147, z-937
00:36 F4R1K0 placed suspicious AXOLOTL_BUCKET @ world: x146, z-934
00:39 F4R1K0 placed suspicious SALMON_BUCKET @ world: x145, z-937
00:42 xoaii         : ti xoai ngủ sớm nhé
00:44 F4R1K0        :  placed a sign @ world: x154, z-943
  Để giầy ở ngoài
00:45 xoaii         : a mạnh đi đá phò
00:48 F4R1K0 placed suspicious WATER_BUCKET @ world: x168, z-948
00:48 F4R1K0 placed suspicious WATER_BUCKET @ world: x168, z-949
00:49 xoaii placed suspicious WATER_BUCKET @ world: x70, z-892
08:30 Mushokujup    : =-))
08:41 khoi1309      : ,
09:20 Mushokujup    : xoai
09:20 xoaii         : oi
09:21 Mushokujup    : cua kem..
09:21 xoaii         : :))))
09:21 xoaii         : nhà xây nhỏ thế
09:22 Mushokujup    : co bot xuong k
09:57 Mushokujup placed suspicious WATER_BUCKET @ world: x2773, z-2234
09:57 Mushokujup placed suspicious AXOLOTL_BUCKET @ world: x2773, z-2234
10:23 Mushokujup    : anh muon gap newbie k
10:24 Mushokujup    : anh cho em xin may cai sach sua chua dc k
10:27 Caothanh2008  : skibidi la ai v
10:27 Mushokujup    : ban t
10:27 Caothanh2008  : ok
10:27 Mushokujup    : cho xin sach mending di
10:28 skibidi       : hello :))
10:28 Mushokujup    : alo
10:28 Mushokujup placed suspicious WATER_BUCKET @ world: x2789, z-2298
10:28 Caothanh2008  : sao
10:28 Mushokujup    : xin cai sach mending
10:28 Caothanh2008  : lm j
10:29 Mushokujup    : cho cup
10:29 Caothanh2008  : doi ti
10:29 Caothanh2008  : ve lam cho cai cup full enchant
10:29 Mushokujup    : okay
10:32 Mushokujup placed suspicious AXOLOTL_BUCKET @ world: x2787, z-2296
10:32 Mushokujup    : tysm
10:33 Caothanh2008  : m,ic dau
10:33 Caothanh2008  : ra day chi cho
10:33 Caothanh2008  : nhin
10:36 Mushokujup    : di ia day
10:40 Caothanh2008  : kakao la ai nx v
10:42 Mushokujup    : =)) khoi len
10:42 Mushokujup    : lon
10:51 Caothanh2008  : hieu dau
10:51 Mushokujup    : day
10:51 Caothanh2008  : tuong chx di ia xong
10:51 Mushokujup    : di xay nha r
10:54 Caothanh2008  : bn vien
10:54 skibidi       : 12
10:55 Caothanh2008  : ok
10:55 Caothanh2008  : e ma kakao la ai v
10:55 Mushokujup    : khoi lon
10:55 Caothanh2008  : ok
10:55 Caothanh2008  : nha j day
10:55 Mushokujup    : nha treo
11:29 Caothanh2008  : em danh tay o ma
11:29 Caothanh2008  : sao lai 1 mau
11:29 Caothanh2008  : em danh anh co 1 phat
11:30 Caothanh2008  : :))
11:30 Caothanh2008  : em danh bang cup
11:30 Caothanh2008  : dinh ba em co gay chay
11:30 Caothanh2008  : em danh bang cup ma
11:31 Caothanh2008  : anh lay ko em cho
11:31 Caothanh2008  : :))
11:31 Caothanh2008  : ko em co giap
11:31 kakao12342001 : ngu di
11:31 Caothanh2008  : de e
11:32 Caothanh2008  : sao
11:33 Caothanh2008  : tp e
11:34 krostedjulie  : pop
11:35 kakao12342001 : krost dang o dau day
11:35 kakao12342001 : vao dis di
11:35 kakao12342001 : anh hoi may cai
12:19 Caothanh2008  : tuong chi sang tao
12:30 Caothanh2008  : dm
12:30 Caothanh2008  : de kho ik
12:30 Caothanh2008  : vc
12:30 Caothanh2008  : ko farm dc
12:30 Manhtato      : fd
12:31 Caothanh2008  : sao lai thanh mem r
12:31 Caothanh2008  : :)))
12:31 Caothanh2008  : lay dinhy ba ko
12:31 Caothanh2008  : dua em cai xo
12:39 Caothanh2008 placed suspicious WATER_BUCKET @ world: x44, z-925
12:39 Caothanh2008 placed suspicious WATER_BUCKET @ world: x43, z-924
12:48 Caothanh2008  : sao ko bao e
12:48 Caothanh2008  : em giau
12:48 Caothanh2008  : ak ko em het giau r
12:48 Caothanh2008  : hach anh chinh cam het r
12:49 Caothanh2008  : e dap j
12:50 Caothanh2008  : cho len cao nhin chop de
12:50 Caothanh2008  : cho de
12:50 Caothanh2008  : xong r
12:52 Caothanh2008  : giet quai
12:52 Caothanh2008  : di thuy cung ko a
12:52 Caothanh2008  : da j
12:53 Caothanh2008  : da xanh xanh a
12:53 Caothanh2008  : dua em thuoc
12:53 Caothanh2008  : tho duoi nx
12:53 Caothanh2008  : ko can
12:54 Caothanh2008  : thuy cung canh day
12:54 Caothanh2008  : :))
12:54 Caothanh2008  : cach day 600 block
12:54 Caothanh2008  : 6000
12:55 Caothanh2008  : di vs e k
12:55 Caothanh2008  : cho anh cầm cái này làm thành tựu này
12:55 Caothanh2008  : ko co a
12:55 Caothanh2008  : thế chắc phải tự làm r
12:57 Caothanh2008  : ua em cho anh ma anh cho chi carot
12:57 Caothanh2008  : :)))
13:04 Caothanh2008  : em co
13:04 Caothanh2008  : em giau
13:07 Caothanh2008  : de lm j
13:07 Caothanh2008  : thuoc j
13:08 Caothanh2008  : de lm j
13:08 Caothanh2008  : anh manh con dau wither k
13:12 Caothanh2008  : ke a
13:12 Caothanh2008  : danh con thu 2 ra luon ne
13:12 Caothanh2008  : 1
13:13 Caothanh2008  : ua ma sao de binh yen ma quai van spawm v
13:13 Caothanh2008  : :))
13:15 Caothanh2008  : em bay xong cam tu tren xuong luonlen
13:15 Caothanh2008  : ko can de bi out
13:18 Caothanh2008  : co
13:18 Caothanh2008  : co cc
13:18 Caothanh2008  : dit
13:18 Caothanh2008  : bi roi xuong la va
13:18 Caothanh2008  : e
13:18 Caothanh2008  : ve r
13:18 Caothanh2008  : e
13:19 Caothanh2008  : em bú đc 2 stack bọt biển
13:19 Caothanh2008  : 2 stackler 6 cái
13:20 Caothanh2008  : lẻ 6 cái
13:20 Caothanh2008  : cam kiem thuong thoi
13:24 Caothanh2008  : manh
13:27 Caothanh2008  : du r anh oi
13:28 Caothanh2008  : cat linh hon
13:28 Caothanh2008  : chui xuong hang
13:28 Caothanh2008  : dua do em
13:29 Caothanh2008  : ke
13:30 Caothanh2008  : dua cho em
13:30 Caothanh2008  : ra
13:31 Caothanh2008  : game fix r\
13:31 Caothanh2008  : sao
13:32 Caothanh2008  : ko spawm
13:32 Caothanh2008  : ko spawm dc
13:33 Caothanh2008  : co tro vui
13:34 Caothanh2008  : sao
13:34 Caothanh2008  : la sao
13:34 Caothanh2008  : o
13:35 Caothanh2008  : ma
13:35 Caothanh2008  : ko co quai
13:35 Caothanh2008  : em co lam jdau
13:36 Caothanh2008  : sao
13:36 Caothanh2008  : beat day
13:36 Caothanh2008  : may khinh beat a
13:36 Caothanh2008  : qua day
13:36 Caothanh2008  : cho them 9 vien
13:37 Caothanh2008  : a
13:37 Caothanh2008  : con cho them set do nx
13:38 Caothanh2008  : oai hon r day
13:38 Caothanh2008  : 6 que
13:38 Caothanh2008  : 1 phien da min
13:39 Caothanh2008  : đá mịn
13:40 Caothanh2008  : nên dc beat bồi bổ
13:43 Caothanh2008  : vuongwf không trồng nhá
13:43 Caothanh2008  : thằng nào làm cái cửa ngu v
13:43 Caothanh2008  : sua lai cuu ik
13:43 Caothanh2008  : nhu cc v
13:43 Caothanh2008  : cua
13:44 Caothanh2008  : cua go anh dao
13:44 Caothanh2008  : cua go anh dau
13:44 Caothanh2008  : moi hop vs nha nay
20:42 Caothanh2008  : yes sir i am mr beat
20:47 Caothanh2008  : sua
20:47 Caothanh2008  : nham
20:47 Caothanh2008  : noi
20:47 Caothanh2008  : co
20:47 Caothanh2008  : co cc
20:47 Caothanh2008  : ko tele
20:47 Caothanh2008  : lấy thuyền
20:48 Caothanh2008  : bees nó r bay
20:48 Caothanh2008  : em be cho
20:48 Caothanh2008  : cho tp coi
20:48 Caothanh2008  : uk
20:48 Caothanh2008  : gan ma
20:48 Caothanh2008  : sao
20:49 Caothanh2008  : ném đồ ra là nhặt
20:49 Caothanh2008  : :))0
20:49 Caothanh2008  : em tu bay
20:49 Caothanh2008  : anh be bon kia di
20:52 Caothanh2008  : dap ra la nhat
20:52 Caothanh2008  : anh dap ra coi
20:52 Caothanh2008  : chuot phai
20:52 Caothanh2008  : vao nguoi no
20:53 Caothanh2008  : cai j cung dc
20:55 Caothanh2008  : uk
20:56 Caothanh2008  : day
20:56 Caothanh2008  : o day
20:56 Caothanh2008  : cho no ngoi vao thuyen
20:57 Caothanh2008  : no bay linh tinh lam
20:58 Caothanh2008  : ma chuyen sang kho chx
20:58 Caothanh2008  : ko bt nha
20:58 Caothanh2008  : mat cai j
20:58 Caothanh2008  : co 2 con anh dua anh het r
20:59 Caothanh2008  : thoi 1 con con sinh dc ma
20:59 Caothanh2008  : 1 con là nhân giống đc r
20:59 Caothanh2008  : cho nghe nhac
20:59 Caothanh2008  : xong cho no an thach anh tim
21:02 Caothanh2008  : sao
21:02 Caothanh2008  : nem thach anh tim ra thu
21:02 Caothanh2008  : chuot phai vao nguoi no
21:03 Caothanh2008  : đi 1 về 2
21:03 Caothanh2008  : :))
21:06 Caothanh2008  : ko dc
21:07 Caothanh2008  : khoi
21:07 Caothanh2008  : pha cai nay ik
21:08 Caothanh2008  : dọn ik
21:08 Caothanh2008  : maats mĩ quan
21:08 Caothanh2008  : mang xuong hầm để
21:09 Caothanh2008  : r huỷ claim ik
21:10 Caothanh2008  : cuu beat
21:11 Caothanh2008  : thang nao claim khu nay day
21:11 Caothanh2008  : huy claim ik
21:12 Caothanh2008  : beat la luat
21:12 Caothanh2008  : huy
21:12 Caothanh2008  : :))
21:13 F4R1K0 placed suspicious AXOLOTL_BUCKET @ world: x163, z-965
21:13 Caothanh2008  : co
21:13 Caothanh2008  : co cc
21:14 Caothanh2008  : dell
21:14 Caothanh2008  : em co do an r
21:14 F4R1K0        : oke
21:15 Caothanh2008  : lam carot vang
21:17 Caothanh2008  : ko can
21:17 Caothanh2008  : vao dc
21:19 Caothanh2008  : manh tp e
21:19 Caothanh2008  : co chach ne
21:19 Caothanh2008  : co cach ne
21:21 Caothanh2008  : tp lai
21:21 Caothanh2008  : tp e anh manh
21:42 Caothanh2008  : beat giau beat bt
21:42 Caothanh2008  : :)))
21:44 Caothanh2008 placed suspicious WATER_BUCKET @ world: x160, z-968
21:44 Caothanh2008 placed suspicious WATER_BUCKET @ world: x161, z-968
21:44 Caothanh2008 placed suspicious WATER_BUCKET @ world: x159, z-968
21:44 Caothanh2008 placed suspicious WATER_BUCKET @ world: x156, z-968
21:47 Caothanh2008  : chim beat to that
22:32 kemhehe       :  placed a sign @ world: x151, z-891
  kem
22:41 Mushokujup    : tpa qua day
22:43 Mushokujup    : qua day
22:43 Mushokujup    : chuot phai vo da phat sang r
22:44 Mushokujup    : em chi r
22:44 Mushokujup    : claim r
22:46 Mushokujup    : em xay ma=))
22:47 Mushokujup    : 20
22:47 Mushokujup    : =)))
22:47 Mushokujup    : em bao e 4 cai nha ma
22:49 Mushokujup    : neu muon ngta tuong tac dc voi nha kem thi dung llenh trush
22:49 Manhtato      : dsf
22:49 kemhehe       : trust
22:49 kemhehe       : nha nay dep hon
22:49 kemhehe       : </3
22:50 Mushokujup    :  placed a sign @ world: x182, z-896
  30kc
  -Mushokujup-
22:50 Mushokujup    :  placed a sign @ world: x164, z-879
  64kc
  -mushokujup-
22:50 Mushokujup    :  placed a sign @ world: x175, z-876
  1kc
22:51 Mushokujup    : xoai
22:51 Mushokujup    : manh oi kem ket r=)))
22:52 Mushokujup    : kem ket r
22:52 Mushokujup    : manh cuu kem=)
22:52 kemhehe       : et o et
22:52 Mushokujup    : deo cai nay vo
22:52 Mushokujup    : bam nhay len tuc
22:53 Mushokujup    : cnay em biet ma
22:53 Mushokujup    : xin lai cai canh
22:53 Mushokujup    : kem muon nha nay dk
22:54 Mushokujup    : k thi nha tren cao=))
22:56 Mushokujup    : eo
22:56 Mushokujup    : llay cai nao
22:57 Mushokujup    : dung lenh give claim ha manh
22:57 Mushokujup    : kco
22:57 Mushokujup    : th de e cho lenh trush
22:58 Mushokujup    : r do
22:58 Mushokujup    : kem qua day
22:59 Mushokujup    : r do
22:59 Mushokujup    : claim di
23:00 Mushokujup    : tren nay
23:04 Mushokujup    : manh bat kem cho meo cua manh an ho day
23:05 Mushokujup    : ?
23:07 Mushokujup    : ok
23:08 Manhtato      : sd
23:08 Mushokujup    : 203
23:09 Mushokujup    : no tu tang theo thoi gian
23:09 Mushokujup    : h no len 219 ne
23:09 Mushokujup    : dr
23:10 Mushokujup    : chac la k
23:10 Mushokujup    : ???
23:10 Mushokujup    : k
23:10 Mushokujup    : em tang lv
23:11 Mushokujup    : em aban no chi cho em lai cai dat ma em tung claim r
23:11 Mushokujup    : th
23:11 Mushokujup    : co
23:13 kemhehe       :  placed a sign @ world: x182, z-896
  kemm
23:15 Mushokujup    : +1 ngoi nha de ban
23:16 Mushokujup    : day
23:16 kemhehe       : day la dau
23:16 kemhehe       : cho cai gi
23:16 Mushokujup    : ra nha go
23:18 Mushokujup    : len 252 block r
23:20 Mushokujup    : em cho r
23:20 Mushokujup    : ?
23:20 Mushokujup    : em muc tu duoi hang len ma
23:20 Mushokujup    : con cua chinh van day ma
23:22 Mushokujup    : anh co nametag k
23:22 Mushokujup    : manh
23:23 Mushokujup    : co nametagg kkkk
23:24 Mushokujup    : xin lai cai xo
23:24 Mushokujup    : muon dat ten con axolot la gi k
23:25 Mushokujup    : muc no llen lai cai xo
23:25 Mushokujup    : thoi
23:26 Mushokujup    : sang nay em moi muc tu duoi hang len voi khoi 1309 ma
23:26 Mushokujup    : vo r
23:27 Mushokujup    : con axolot trong dia phan cua nha thg chinh k muc dc
23:28 Mushokujup    : ?
23:28 Mushokujup    : manh toi vl
23:28 Mushokujup    : manh chi co ca rot th
